=== Real-time ONNX Object Detector ===
Time: 2025-04-14 00:45:36
Input: Video: /home/emms/Downloads/Test Video/videos/i58-Master-1.avi
Model: /home/emms/Downloads/Test Video/best.onnx
Classes: /home/emms/Downloads/Test Video/classes.txt
Confidence threshold: 0.250000
NMS threshold: 0.450000
Video info: 440x540, 400.000000 fps
Loading camera calibration from: /home/emms/Downloads/Test Video/calibration_results/master_calibration.yaml
Camera calibration loaded successfully
Undistortion: ON

================= FRAME 0 =================
Image dimensions: 440x540
Applied undistortion
---------------- DETECTION DETAILS ----------------
Total detections: 1
Detection #0 (ball, conf=0.873095):
  Box coords (x,y,w,h): 128,22,289,81
  Center point: (272.500000,62.500000)
  Normalized center: (0.619318,0.115741)
  Box size ratios (w,h): 0.656818,0.150000
  Box area: 23409 pixels (9.852273% of image)

================= FRAME 1 =================
Image dimensions: 440x540
Applied undistortion
---------------- DETECTION DETAILS ----------------
Total detections: 1
Detection #0 (ball, conf=0.870923):
  Box coords (x,y,w,h): 128,22,289,82
  Center point: (272.500000,63.000000)
  Normalized center: (0.619318,0.116667)
  Box size ratios (w,h): 0.656818,0.151852
  Box area: 23698 pixels (9.973906% of image)

================= FRAME 2 =================
Image dimensions: 440x540
Applied undistortion
---------------- DETECTION DETAILS ----------------
Total detections: 1
Detection #0 (ball, conf=0.868872):
  Box coords (x,y,w,h): 128,22,289,82
  Center point: (272.500000,63.000000)
  Normalized center: (0.619318,0.116667)
  Box size ratios (w,h): 0.656818,0.151852
  Box area: 23698 pixels (9.973906% of image)

================= FRAME 3 =================
Image dimensions: 440x540
Applied undistortion
---------------- DETECTION DETAILS ----------------
Total detections: 1
Detection #0 (ball, conf=0.869068):
  Box coords (x,y,w,h): 128,22,289,82
  Center point: (272.500000,63.000000)
  Normalized center: (0.619318,0.116667)
  Box size ratios (w,h): 0.656818,0.151852
  Box area: 23698 pixels (9.973906% of image)

================= FRAME 4 =================
Image dimensions: 440x540
Applied undistortion
---------------- DETECTION DETAILS ----------------
Total detections: 1
Detection #0 (ball, conf=0.869788):
  Box coords (x,y,w,h): 128,22,289,82
  Center point: (272.500000,63.000000)
  Normalized center: (0.619318,0.116667)
  Box size ratios (w,h): 0.656818,0.151852
  Box area: 23698 pixels (9.973906% of image)

================= FRAME 5 =================
Image dimensions: 440x540
Applied undistortion
---------------- DETECTION DETAILS ----------------
Total detections: 1
Detection #0 (ball, conf=0.871719):
  Box coords (x,y,w,h): 128,22,289,82
  Center point: (272.500000,63.000000)
  Normalized center: (0.619318,0.116667)
  Box size ratios (w,h): 0.656818,0.151852
  Box area: 23698 pixels (9.973906% of image)

================= FRAME 6 =================
Image dimensions: 440x540
Applied undistortion
---------------- DETECTION DETAILS ----------------
Total detections: 1
Detection #0 (ball, conf=0.871673):
  Box coords (x,y,w,h): 128,22,289,82
  Center point: (272.500000,63.000000)
  Normalized center: (0.619318,0.116667)
  Box size ratios (w,h): 0.656818,0.151852
  Box area: 23698 pixels (9.973906% of image)

================= FRAME 7 =================
Image dimensions: 440x540
Applied undistortion
---------------- DETECTION DETAILS ----------------
Total detections: 1
Detection #0 (ball, conf=0.867192):
  Box coords (x,y,w,h): 128,22,289,82
  Center point: (272.500000,63.000000)
  Normalized center: (0.619318,0.116667)
  Box size ratios (w,h): 0.656818,0.151852
  Box area: 23698 pixels (9.973906% of image)

================= FRAME 8 =================
Image dimensions: 440x540
Applied undistortion
---------------- DETECTION DETAILS ----------------
Total detections: 1
Detection #0 (ball, conf=0.869791):
  Box coords (x,y,w,h): 128,22,289,82
  Center point: (272.500000,63.000000)
  Normalized center: (0.619318,0.116667)
  Box size ratios (w,h): 0.656818,0.151852
  Box area: 23698 pixels (9.973906% of image)

================= FRAME 9 =================
Image dimensions: 440x540
Applied undistortion
---------------- DETECTION DETAILS ----------------
Total detections: 1
Detection #0 (ball, conf=0.873357):
  Box coords (x,y,w,h): 128,22,289,81
  Center point: (272.500000,62.500000)
  Normalized center: (0.619318,0.115741)
  Box size ratios (w,h): 0.656818,0.150000
  Box area: 23409 pixels (9.852273% of image)

================= FRAME 10 =================
Image dimensions: 440x540
Applied undistortion
---------------- DETECTION DETAILS ----------------
Total detections: 1
Detection #0 (ball, conf=0.869641):
  Box coords (x,y,w,h): 128,22,289,81
  Center point: (272.500000,62.500000)
  Normalized center: (0.619318,0.115741)
  Box size ratios (w,h): 0.656818,0.150000
  Box area: 23409 pixels (9.852273% of image)

================= FRAME 11 =================
Image dimensions: 440x540
Applied undistortion
---------------- DETECTION DETAILS ----------------
Total detections: 1
Detection #0 (ball, conf=0.868450):
  Box coords (x,y,w,h): 128,22,289,82
  Center point: (272.500000,63.000000)
  Normalized center: (0.619318,0.116667)
  Box size ratios (w,h): 0.656818,0.151852
  Box area: 23698 pixels (9.973906% of image)

================= FRAME 12 =================
Image dimensions: 440x540
Applied undistortion
---------------- DETECTION DETAILS ----------------
Total detections: 1
Detection #0 (ball, conf=0.869972):
  Box coords (x,y,w,h): 128,22,289,82
  Center point: (272.500000,63.000000)
  Normalized center: (0.619318,0.116667)
  Box size ratios (w,h): 0.656818,0.151852
  Box area: 23698 pixels (9.973906% of image)

================= FRAME 13 =================
Image dimensions: 440x540
Applied undistortion
---------------- DETECTION DETAILS ----------------
Total detections: 1
Detection #0 (ball, conf=0.870195):
  Box coords (x,y,w,h): 128,22,289,82
  Center point: (272.500000,63.000000)
  Normalized center: (0.619318,0.116667)
  Box size ratios (w,h): 0.656818,0.151852
  Box area: 23698 pixels (9.973906% of image)

================= FRAME 14 =================
Image dimensions: 440x540
Applied undistortion
---------------- DETECTION DETAILS ----------------
Total detections: 1
Detection #0 (ball, conf=0.872123):
  Box coords (x,y,w,h): 128,22,289,82
  Center point: (272.500000,63.000000)
  Normalized center: (0.619318,0.116667)
  Box size ratios (w,h): 0.656818,0.151852
  Box area: 23698 pixels (9.973906% of image)

================= FRAME 15 =================
Image dimensions: 440x540
Applied undistortion
---------------- DETECTION DETAILS ----------------
Total detections: 1
Detection #0 (ball, conf=0.872100):
  Box coords (x,y,w,h): 128,22,289,82
  Center point: (272.500000,63.000000)
  Normalized center: (0.619318,0.116667)
  Box size ratios (w,h): 0.656818,0.151852
  Box area: 23698 pixels (9.973906% of image)

================= FRAME 16 =================
Image dimensions: 440x540
Applied undistortion
---------------- DETECTION DETAILS ----------------
Total detections: 1
Detection #0 (ball, conf=0.867970):
  Box coords (x,y,w,h): 128,22,289,81
  Center point: (272.500000,62.500000)
  Normalized center: (0.619318,0.115741)
  Box size ratios (w,h): 0.656818,0.150000
  Box area: 23409 pixels (9.852273% of image)

================= FRAME 17 =================
Image dimensions: 440x540
Applied undistortion
---------------- DETECTION DETAILS ----------------
Total detections: 1
Detection #0 (ball, conf=0.867363):
  Box coords (x,y,w,h): 128,22,289,82
  Center point: (272.500000,63.000000)
  Normalized center: (0.619318,0.116667)
  Box size ratios (w,h): 0.656818,0.151852
  Box area: 23698 pixels (9.973906% of image)

================= FRAME 18 =================
Image dimensions: 440x540
Applied undistortion
---------------- DETECTION DETAILS ----------------
Total detections: 1
Detection #0 (ball, conf=0.871664):
  Box coords (x,y,w,h): 128,22,289,81
  Center point: (272.500000,62.500000)
  Normalized center: (0.619318,0.115741)
  Box size ratios (w,h): 0.656818,0.150000
  Box area: 23409 pixels (9.852273% of image)

================= FRAME 19 =================
Image dimensions: 440x540
Applied undistortion
---------------- DETECTION DETAILS ----------------
Total detections: 1
Detection #0 (ball, conf=0.869576):
  Box coords (x,y,w,h): 128,22,289,82
  Center point: (272.500000,63.000000)
  Normalized center: (0.619318,0.116667)
  Box size ratios (w,h): 0.656818,0.151852
  Box area: 23698 pixels (9.973906% of image)

================= FRAME 20 =================
Image dimensions: 440x540
Applied undistortion
---------------- DETECTION DETAILS ----------------
Total detections: 1
Detection #0 (ball, conf=0.868799):
  Box coords (x,y,w,h): 128,22,289,82
  Center point: (272.500000,63.000000)
  Normalized center: (0.619318,0.116667)
  Box size ratios (w,h): 0.656818,0.151852
  Box area: 23698 pixels (9.973906% of image)

================= FRAME 21 =================
Image dimensions: 440x540
Applied undistortion
---------------- DETECTION DETAILS ----------------
Total detections: 1
Detection #0 (ball, conf=0.874227):
  Box coords (x,y,w,h): 128,22,289,82
  Center point: (272.500000,63.000000)
  Normalized center: (0.619318,0.116667)
  Box size ratios (w,h): 0.656818,0.151852
  Box area: 23698 pixels (9.973906% of image)

================= FRAME 22 =================
Image dimensions: 440x540
Applied undistortion
---------------- DETECTION DETAILS ----------------
Total detections: 1
Detection #0 (ball, conf=0.872447):
  Box coords (x,y,w,h): 128,22,289,82
  Center point: (272.500000,63.000000)
  Normalized center: (0.619318,0.116667)
  Box size ratios (w,h): 0.656818,0.151852
  Box area: 23698 pixels (9.973906% of image)

================= FRAME 23 =================
Image dimensions: 440x540
Applied undistortion
---------------- DETECTION DETAILS ----------------
Total detections: 1
Detection #0 (ball, conf=0.873211):
  Box coords (x,y,w,h): 128,22,289,82
  Center point: (272.500000,63.000000)
  Normalized center: (0.619318,0.116667)
  Box size ratios (w,h): 0.656818,0.151852
  Box area: 23698 pixels (9.973906% of image)

================= FRAME 24 =================
Image dimensions: 440x540
Applied undistortion
---------------- DETECTION DETAILS ----------------
Total detections: 1
Detection #0 (ball, conf=0.871915):
  Box coords (x,y,w,h): 128,22,289,81
  Center point: (272.500000,62.500000)
  Normalized center: (0.619318,0.115741)
  Box size ratios (w,h): 0.656818,0.150000
  Box area: 23409 pixels (9.852273% of image)

================= FRAME 25 =================
Image dimensions: 440x540
Applied undistortion
---------------- DETECTION DETAILS ----------------
Total detections: 1
Detection #0 (ball, conf=0.871174):
  Box coords (x,y,w,h): 128,22,289,82
  Center point: (272.500000,63.000000)
  Normalized center: (0.619318,0.116667)
  Box size ratios (w,h): 0.656818,0.151852
  Box area: 23698 pixels (9.973906% of image)

================= FRAME 26 =================
Image dimensions: 440x540
Applied undistortion
---------------- DETECTION DETAILS ----------------
Total detections: 1
Detection #0 (ball, conf=0.871299):
  Box coords (x,y,w,h): 128,22,289,82
  Center point: (272.500000,63.000000)
  Normalized center: (0.619318,0.116667)
  Box size ratios (w,h): 0.656818,0.151852
  Box area: 23698 pixels (9.973906% of image)

================= FRAME 27 =================
Image dimensions: 440x540
Applied undistortion
---------------- DETECTION DETAILS ----------------
Total detections: 1
Detection #0 (ball, conf=0.871257):
  Box coords (x,y,w,h): 128,22,289,82
  Center point: (272.500000,63.000000)
  Normalized center: (0.619318,0.116667)
  Box size ratios (w,h): 0.656818,0.151852
  Box area: 23698 pixels (9.973906% of image)

================= FRAME 28 =================
Image dimensions: 440x540
Applied undistortion
---------------- DETECTION DETAILS ----------------
Total detections: 1
Detection #0 (ball, conf=0.872343):
  Box coords (x,y,w,h): 128,22,289,82
  Center point: (272.500000,63.000000)
  Normalized center: (0.619318,0.116667)
  Box size ratios (w,h): 0.656818,0.151852
  Box area: 23698 pixels (9.973906% of image)

================= FRAME 29 =================
Image dimensions: 440x540
Applied undistortion
---------------- DETECTION DETAILS ----------------
Total detections: 1
Detection #0 (ball, conf=0.870425):
  Box coords (x,y,w,h): 128,22,289,82
  Center point: (272.500000,63.000000)
  Normalized center: (0.619318,0.116667)
  Box size ratios (w,h): 0.656818,0.151852
  Box area: 23698 pixels (9.973906% of image)

================= FRAME 30 =================
Image dimensions: 440x540
Applied undistortion
---------------- DETECTION DETAILS ----------------
Total detections: 1
Detection #0 (ball, conf=0.870518):
  Box coords (x,y,w,h): 128,22,289,82
  Center point: (272.500000,63.000000)
  Normalized center: (0.619318,0.116667)
  Box size ratios (w,h): 0.656818,0.151852
  Box area: 23698 pixels (9.973906% of image)

================= FRAME 31 =================
Image dimensions: 440x540
Applied undistortion
---------------- DETECTION DETAILS ----------------
Total detections: 1
Detection #0 (ball, conf=0.871085):
  Box coords (x,y,w,h): 128,22,289,82
  Center point: (272.500000,63.000000)
  Normalized center: (0.619318,0.116667)
  Box size ratios (w,h): 0.656818,0.151852
  Box area: 23698 pixels (9.973906% of image)

================= FRAME 32 =================
Image dimensions: 440x540
Applied undistortion
---------------- DETECTION DETAILS ----------------
Total detections: 1
Detection #0 (ball, conf=0.870595):
  Box coords (x,y,w,h): 128,22,289,81
  Center point: (272.500000,62.500000)
  Normalized center: (0.619318,0.115741)
  Box size ratios (w,h): 0.656818,0.150000
  Box area: 23409 pixels (9.852273% of image)

================= FRAME 33 =================
Image dimensions: 440x540
Applied undistortion
---------------- DETECTION DETAILS ----------------
Total detections: 1
Detection #0 (ball, conf=0.871132):
  Box coords (x,y,w,h): 128,22,289,82
  Center point: (272.500000,63.000000)
  Normalized center: (0.619318,0.116667)
  Box size ratios (w,h): 0.656818,0.151852
  Box area: 23698 pixels (9.973906% of image)

================= FRAME 34 =================
Image dimensions: 440x540
Applied undistortion
---------------- DETECTION DETAILS ----------------
Total detections: 1
Detection #0 (ball, conf=0.870887):
  Box coords (x,y,w,h): 128,22,289,82
  Center point: (272.500000,63.000000)
  Normalized center: (0.619318,0.116667)
  Box size ratios (w,h): 0.656818,0.151852
  Box area: 23698 pixels (9.973906% of image)

================= FRAME 35 =================
Image dimensions: 440x540
Applied undistortion
---------------- DETECTION DETAILS ----------------
Total detections: 1
Detection #0 (ball, conf=0.869443):
  Box coords (x,y,w,h): 128,22,289,82
  Center point: (272.500000,63.000000)
  Normalized center: (0.619318,0.116667)
  Box size ratios (w,h): 0.656818,0.151852
  Box area: 23698 pixels (9.973906% of image)

================= FRAME 36 =================
Image dimensions: 440x540
Applied undistortion
---------------- DETECTION DETAILS ----------------
Total detections: 1
Detection #0 (ball, conf=0.869582):
  Box coords (x,y,w,h): 128,22,289,82
  Center point: (272.500000,63.000000)
  Normalized center: (0.619318,0.116667)
  Box size ratios (w,h): 0.656818,0.151852
  Box area: 23698 pixels (9.973906% of image)

================= FRAME 37 =================
Image dimensions: 440x540
Applied undistortion
---------------- DETECTION DETAILS ----------------
Total detections: 1
Detection #0 (ball, conf=0.868570):
  Box coords (x,y,w,h): 128,22,289,82
  Center point: (272.500000,63.000000)
  Normalized center: (0.619318,0.116667)
  Box size ratios (w,h): 0.656818,0.151852
  Box area: 23698 pixels (9.973906% of image)

================= FRAME 38 =================
Image dimensions: 440x540
Applied undistortion
---------------- DETECTION DETAILS ----------------
Total detections: 1
Detection #0 (ball, conf=0.872203):
  Box coords (x,y,w,h): 128,22,289,81
  Center point: (272.500000,62.500000)
  Normalized center: (0.619318,0.115741)
  Box size ratios (w,h): 0.656818,0.150000
  Box area: 23409 pixels (9.852273% of image)

================= FRAME 39 =================
Image dimensions: 440x540
Applied undistortion
---------------- DETECTION DETAILS ----------------
Total detections: 1
Detection #0 (ball, conf=0.863909):
  Box coords (x,y,w,h): 128,22,289,82
  Center point: (272.500000,63.000000)
  Normalized center: (0.619318,0.116667)
  Box size ratios (w,h): 0.656818,0.151852
  Box area: 23698 pixels (9.973906% of image)

================= FRAME 40 =================
Image dimensions: 440x540
Applied undistortion
---------------- DETECTION DETAILS ----------------
Total detections: 1
Detection #0 (ball, conf=0.872622):
  Box coords (x,y,w,h): 128,22,289,82
  Center point: (272.500000,63.000000)
  Normalized center: (0.619318,0.116667)
  Box size ratios (w,h): 0.656818,0.151852
  Box area: 23698 pixels (9.973906% of image)

================= FRAME 41 =================
Image dimensions: 440x540
Applied undistortion
---------------- DETECTION DETAILS ----------------
Total detections: 1
Detection #0 (ball, conf=0.872311):
  Box coords (x,y,w,h): 128,22,289,82
  Center point: (272.500000,63.000000)
  Normalized center: (0.619318,0.116667)
  Box size ratios (w,h): 0.656818,0.151852
  Box area: 23698 pixels (9.973906% of image)

================= FRAME 42 =================
Image dimensions: 440x540
Applied undistortion
---------------- DETECTION DETAILS ----------------
Total detections: 1
Detection #0 (ball, conf=0.870781):
  Box coords (x,y,w,h): 128,22,289,81
  Center point: (272.500000,62.500000)
  Normalized center: (0.619318,0.115741)
  Box size ratios (w,h): 0.656818,0.150000
  Box area: 23409 pixels (9.852273% of image)

================= FRAME 43 =================
Image dimensions: 440x540
Applied undistortion
---------------- DETECTION DETAILS ----------------
Total detections: 1
Detection #0 (ball, conf=0.870026):
  Box coords (x,y,w,h): 128,22,289,81
  Center point: (272.500000,62.500000)
  Normalized center: (0.619318,0.115741)
  Box size ratios (w,h): 0.656818,0.150000
  Box area: 23409 pixels (9.852273% of image)

================= FRAME 44 =================
Image dimensions: 440x540
Applied undistortion
---------------- DETECTION DETAILS ----------------
Total detections: 1
Detection #0 (ball, conf=0.867659):
  Box coords (x,y,w,h): 128,22,289,82
  Center point: (272.500000,63.000000)
  Normalized center: (0.619318,0.116667)
  Box size ratios (w,h): 0.656818,0.151852
  Box area: 23698 pixels (9.973906% of image)

================= FRAME 45 =================
Image dimensions: 440x540
Applied undistortion
---------------- DETECTION DETAILS ----------------
Total detections: 1
Detection #0 (ball, conf=0.867232):
  Box coords (x,y,w,h): 128,22,289,82
  Center point: (272.500000,63.000000)
  Normalized center: (0.619318,0.116667)
  Box size ratios (w,h): 0.656818,0.151852
  Box area: 23698 pixels (9.973906% of image)

================= FRAME 46 =================
Image dimensions: 440x540
Applied undistortion
---------------- DETECTION DETAILS ----------------
Total detections: 1
Detection #0 (ball, conf=0.869812):
  Box coords (x,y,w,h): 128,22,289,82
  Center point: (272.500000,63.000000)
  Normalized center: (0.619318,0.116667)
  Box size ratios (w,h): 0.656818,0.151852
  Box area: 23698 pixels (9.973906% of image)

================= FRAME 47 =================
Image dimensions: 440x540
Applied undistortion
---------------- DETECTION DETAILS ----------------
Total detections: 1
Detection #0 (ball, conf=0.872205):
  Box coords (x,y,w,h): 128,22,289,81
  Center point: (272.500000,62.500000)
  Normalized center: (0.619318,0.115741)
  Box size ratios (w,h): 0.656818,0.150000
  Box area: 23409 pixels (9.852273% of image)

================= FRAME 48 =================
Image dimensions: 440x540
Applied undistortion
---------------- DETECTION DETAILS ----------------
Total detections: 1
Detection #0 (ball, conf=0.870194):
  Box coords (x,y,w,h): 128,22,289,82
  Center point: (272.500000,63.000000)
  Normalized center: (0.619318,0.116667)
  Box size ratios (w,h): 0.656818,0.151852
  Box area: 23698 pixels (9.973906% of image)

================= FRAME 49 =================
Image dimensions: 440x540
Applied undistortion
---------------- DETECTION DETAILS ----------------
Total detections: 1
Detection #0 (ball, conf=0.868575):
  Box coords (x,y,w,h): 128,22,289,82
  Center point: (272.500000,63.000000)
  Normalized center: (0.619318,0.116667)
  Box size ratios (w,h): 0.656818,0.151852
  Box area: 23698 pixels (9.973906% of image)

================= FRAME 50 =================
Image dimensions: 440x540
Applied undistortion
---------------- DETECTION DETAILS ----------------
Total detections: 1
Detection #0 (ball, conf=0.873728):
  Box coords (x,y,w,h): 128,22,289,82
  Center point: (272.500000,63.000000)
  Normalized center: (0.619318,0.116667)
  Box size ratios (w,h): 0.656818,0.151852
  Box area: 23698 pixels (9.973906% of image)

================= FRAME 51 =================
Image dimensions: 440x540
Applied undistortion
---------------- DETECTION DETAILS ----------------
Total detections: 1
Detection #0 (ball, conf=0.874113):
  Box coords (x,y,w,h): 128,22,289,82
  Center point: (272.500000,63.000000)
  Normalized center: (0.619318,0.116667)
  Box size ratios (w,h): 0.656818,0.151852
  Box area: 23698 pixels (9.973906% of image)

================= FRAME 52 =================
Image dimensions: 440x540
Applied undistortion
---------------- DETECTION DETAILS ----------------
Total detections: 1
Detection #0 (ball, conf=0.869907):
  Box coords (x,y,w,h): 128,22,289,81
  Center point: (272.500000,62.500000)
  Normalized center: (0.619318,0.115741)
  Box size ratios (w,h): 0.656818,0.150000
  Box area: 23409 pixels (9.852273% of image)

================= FRAME 53 =================
Image dimensions: 440x540
Applied undistortion
---------------- DETECTION DETAILS ----------------
Total detections: 1
Detection #0 (ball, conf=0.873492):
  Box coords (x,y,w,h): 128,22,289,82
  Center point: (272.500000,63.000000)
  Normalized center: (0.619318,0.116667)
  Box size ratios (w,h): 0.656818,0.151852
  Box area: 23698 pixels (9.973906% of image)

================= FRAME 54 =================
Image dimensions: 440x540
Applied undistortion
---------------- DETECTION DETAILS ----------------
Total detections: 1
Detection #0 (ball, conf=0.869747):
  Box coords (x,y,w,h): 128,22,289,82
  Center point: (272.500000,63.000000)
  Normalized center: (0.619318,0.116667)
  Box size ratios (w,h): 0.656818,0.151852
  Box area: 23698 pixels (9.973906% of image)

================= FRAME 55 =================
Image dimensions: 440x540
Applied undistortion
---------------- DETECTION DETAILS ----------------
Total detections: 1
Detection #0 (ball, conf=0.869702):
  Box coords (x,y,w,h): 128,22,289,81
  Center point: (272.500000,62.500000)
  Normalized center: (0.619318,0.115741)
  Box size ratios (w,h): 0.656818,0.150000
  Box area: 23409 pixels (9.852273% of image)

================= FRAME 56 =================
Image dimensions: 440x540
Applied undistortion
---------------- DETECTION DETAILS ----------------
Total detections: 1
Detection #0 (ball, conf=0.874548):
  Box coords (x,y,w,h): 128,22,289,82
  Center point: (272.500000,63.000000)
  Normalized center: (0.619318,0.116667)
  Box size ratios (w,h): 0.656818,0.151852
  Box area: 23698 pixels (9.973906% of image)

================= FRAME 57 =================
Image dimensions: 440x540
Applied undistortion
---------------- DETECTION DETAILS ----------------
Total detections: 1
Detection #0 (ball, conf=0.873346):
  Box coords (x,y,w,h): 128,22,289,82
  Center point: (272.500000,63.000000)
  Normalized center: (0.619318,0.116667)
  Box size ratios (w,h): 0.656818,0.151852
  Box area: 23698 pixels (9.973906% of image)

================= FRAME 58 =================
Image dimensions: 440x540
Applied undistortion
---------------- DETECTION DETAILS ----------------
Total detections: 1
Detection #0 (ball, conf=0.872974):
  Box coords (x,y,w,h): 128,22,289,81
  Center point: (272.500000,62.500000)
  Normalized center: (0.619318,0.115741)
  Box size ratios (w,h): 0.656818,0.150000
  Box area: 23409 pixels (9.852273% of image)

================= FRAME 59 =================
Image dimensions: 440x540
Applied undistortion
---------------- DETECTION DETAILS ----------------
Total detections: 1
Detection #0 (ball, conf=0.867524):
  Box coords (x,y,w,h): 128,22,289,82
  Center point: (272.500000,63.000000)
  Normalized center: (0.619318,0.116667)
  Box size ratios (w,h): 0.656818,0.151852
  Box area: 23698 pixels (9.973906% of image)

================= FRAME 60 =================
Image dimensions: 440x540
Applied undistortion
---------------- DETECTION DETAILS ----------------
Total detections: 1
Detection #0 (ball, conf=0.868720):
  Box coords (x,y,w,h): 128,22,289,82
  Center point: (272.500000,63.000000)
  Normalized center: (0.619318,0.116667)
  Box size ratios (w,h): 0.656818,0.151852
  Box area: 23698 pixels (9.973906% of image)

================= FRAME 61 =================
Image dimensions: 440x540
Applied undistortion
---------------- DETECTION DETAILS ----------------
Total detections: 1
Detection #0 (ball, conf=0.869097):
  Box coords (x,y,w,h): 128,22,289,81
  Center point: (272.500000,62.500000)
  Normalized center: (0.619318,0.115741)
  Box size ratios (w,h): 0.656818,0.150000
  Box area: 23409 pixels (9.852273% of image)

================= FRAME 62 =================
Image dimensions: 440x540
Applied undistortion
---------------- DETECTION DETAILS ----------------
Total detections: 1
Detection #0 (ball, conf=0.873327):
  Box coords (x,y,w,h): 128,22,289,82
  Center point: (272.500000,63.000000)
  Normalized center: (0.619318,0.116667)
  Box size ratios (w,h): 0.656818,0.151852
  Box area: 23698 pixels (9.973906% of image)

================= FRAME 63 =================
Image dimensions: 440x540
Applied undistortion
---------------- DETECTION DETAILS ----------------
Total detections: 1
Detection #0 (ball, conf=0.872891):
  Box coords (x,y,w,h): 128,22,289,82
  Center point: (272.500000,63.000000)
  Normalized center: (0.619318,0.116667)
  Box size ratios (w,h): 0.656818,0.151852
  Box area: 23698 pixels (9.973906% of image)

================= FRAME 64 =================
Image dimensions: 440x540
Applied undistortion
---------------- DETECTION DETAILS ----------------
Total detections: 1
Detection #0 (ball, conf=0.873888):
  Box coords (x,y,w,h): 128,22,289,82
  Center point: (272.500000,63.000000)
  Normalized center: (0.619318,0.116667)
  Box size ratios (w,h): 0.656818,0.151852
  Box area: 23698 pixels (9.973906% of image)

================= FRAME 65 =================
Image dimensions: 440x540
Applied undistortion
---------------- DETECTION DETAILS ----------------
Total detections: 1
Detection #0 (ball, conf=0.872313):
  Box coords (x,y,w,h): 128,22,289,82
  Center point: (272.500000,63.000000)
  Normalized center: (0.619318,0.116667)
  Box size ratios (w,h): 0.656818,0.151852
  Box area: 23698 pixels (9.973906% of image)

================= FRAME 66 =================
Image dimensions: 440x540
Applied undistortion
---------------- DETECTION DETAILS ----------------
Total detections: 1
Detection #0 (ball, conf=0.870864):
  Box coords (x,y,w,h): 128,22,289,82
  Center point: (272.500000,63.000000)
  Normalized center: (0.619318,0.116667)
  Box size ratios (w,h): 0.656818,0.151852
  Box area: 23698 pixels (9.973906% of image)

================= FRAME 67 =================
Image dimensions: 440x540
Applied undistortion
---------------- DETECTION DETAILS ----------------
Total detections: 1
Detection #0 (ball, conf=0.871263):
  Box coords (x,y,w,h): 128,22,289,82
  Center point: (272.500000,63.000000)
  Normalized center: (0.619318,0.116667)
  Box size ratios (w,h): 0.656818,0.151852
  Box area: 23698 pixels (9.973906% of image)

================= FRAME 68 =================
Image dimensions: 440x540
Applied undistortion
---------------- DETECTION DETAILS ----------------
Total detections: 1
Detection #0 (ball, conf=0.871721):
  Box coords (x,y,w,h): 128,22,289,82
  Center point: (272.500000,63.000000)
  Normalized center: (0.619318,0.116667)
  Box size ratios (w,h): 0.656818,0.151852
  Box area: 23698 pixels (9.973906% of image)

================= FRAME 69 =================
Image dimensions: 440x540
Applied undistortion
---------------- DETECTION DETAILS ----------------
Total detections: 1
Detection #0 (ball, conf=0.874207):
  Box coords (x,y,w,h): 128,22,289,82
  Center point: (272.500000,63.000000)
  Normalized center: (0.619318,0.116667)
  Box size ratios (w,h): 0.656818,0.151852
  Box area: 23698 pixels (9.973906% of image)

================= FRAME 70 =================
Image dimensions: 440x540
Applied undistortion
---------------- DETECTION DETAILS ----------------
Total detections: 1
Detection #0 (ball, conf=0.871448):
  Box coords (x,y,w,h): 128,22,289,82
  Center point: (272.500000,63.000000)
  Normalized center: (0.619318,0.116667)
  Box size ratios (w,h): 0.656818,0.151852
  Box area: 23698 pixels (9.973906% of image)

================= FRAME 71 =================
Image dimensions: 440x540
Applied undistortion
---------------- DETECTION DETAILS ----------------
Total detections: 1
Detection #0 (ball, conf=0.871395):
  Box coords (x,y,w,h): 128,22,289,82
  Center point: (272.500000,63.000000)
  Normalized center: (0.619318,0.116667)
  Box size ratios (w,h): 0.656818,0.151852
  Box area: 23698 pixels (9.973906% of image)

================= FRAME 72 =================
Image dimensions: 440x540
Applied undistortion
---------------- DETECTION DETAILS ----------------
Total detections: 1
Detection #0 (ball, conf=0.873307):
  Box coords (x,y,w,h): 128,22,289,81
  Center point: (272.500000,62.500000)
  Normalized center: (0.619318,0.115741)
  Box size ratios (w,h): 0.656818,0.150000
  Box area: 23409 pixels (9.852273% of image)

================= FRAME 73 =================
Image dimensions: 440x540
Applied undistortion
---------------- DETECTION DETAILS ----------------
Total detections: 1
Detection #0 (ball, conf=0.871229):
  Box coords (x,y,w,h): 128,22,289,82
  Center point: (272.500000,63.000000)
  Normalized center: (0.619318,0.116667)
  Box size ratios (w,h): 0.656818,0.151852
  Box area: 23698 pixels (9.973906% of image)

================= FRAME 74 =================
Image dimensions: 440x540
Applied undistortion
---------------- DETECTION DETAILS ----------------
Total detections: 1
Detection #0 (ball, conf=0.870597):
  Box coords (x,y,w,h): 128,22,289,82
  Center point: (272.500000,63.000000)
  Normalized center: (0.619318,0.116667)
  Box size ratios (w,h): 0.656818,0.151852
  Box area: 23698 pixels (9.973906% of image)

================= FRAME 75 =================
Image dimensions: 440x540
Applied undistortion
---------------- DETECTION DETAILS ----------------
Total detections: 1
Detection #0 (ball, conf=0.871375):
  Box coords (x,y,w,h): 128,22,289,81
  Center point: (272.500000,62.500000)
  Normalized center: (0.619318,0.115741)
  Box size ratios (w,h): 0.656818,0.150000
  Box area: 23409 pixels (9.852273% of image)

================= FRAME 76 =================
Image dimensions: 440x540
Applied undistortion
---------------- DETECTION DETAILS ----------------
Total detections: 1
Detection #0 (ball, conf=0.873248):
  Box coords (x,y,w,h): 128,22,289,82
  Center point: (272.500000,63.000000)
  Normalized center: (0.619318,0.116667)
  Box size ratios (w,h): 0.656818,0.151852
  Box area: 23698 pixels (9.973906% of image)

================= FRAME 77 =================
Image dimensions: 440x540
Applied undistortion
---------------- DETECTION DETAILS ----------------
Total detections: 1
Detection #0 (ball, conf=0.867857):
  Box coords (x,y,w,h): 128,22,289,82
  Center point: (272.500000,63.000000)
  Normalized center: (0.619318,0.116667)
  Box size ratios (w,h): 0.656818,0.151852
  Box area: 23698 pixels (9.973906% of image)

================= FRAME 78 =================
Image dimensions: 440x540
Applied undistortion
---------------- DETECTION DETAILS ----------------
Total detections: 1
Detection #0 (ball, conf=0.871701):
  Box coords (x,y,w,h): 128,22,289,82
  Center point: (272.500000,63.000000)
  Normalized center: (0.619318,0.116667)
  Box size ratios (w,h): 0.656818,0.151852
  Box area: 23698 pixels (9.973906% of image)

================= FRAME 79 =================
Image dimensions: 440x540
Applied undistortion
---------------- DETECTION DETAILS ----------------
Total detections: 1
Detection #0 (ball, conf=0.871529):
  Box coords (x,y,w,h): 128,22,289,82
  Center point: (272.500000,63.000000)
  Normalized center: (0.619318,0.116667)
  Box size ratios (w,h): 0.656818,0.151852
  Box area: 23698 pixels (9.973906% of image)

================= FRAME 80 =================
Image dimensions: 440x540
Applied undistortion
---------------- DETECTION DETAILS ----------------
Total detections: 1
Detection #0 (ball, conf=0.868470):
  Box coords (x,y,w,h): 128,22,289,82
  Center point: (272.500000,63.000000)
  Normalized center: (0.619318,0.116667)
  Box size ratios (w,h): 0.656818,0.151852
  Box area: 23698 pixels (9.973906% of image)

================= FRAME 81 =================
Image dimensions: 440x540
Applied undistortion
---------------- DETECTION DETAILS ----------------
Total detections: 1
Detection #0 (ball, conf=0.872009):
  Box coords (x,y,w,h): 128,22,289,82
  Center point: (272.500000,63.000000)
  Normalized center: (0.619318,0.116667)
  Box size ratios (w,h): 0.656818,0.151852
  Box area: 23698 pixels (9.973906% of image)

================= FRAME 82 =================
Image dimensions: 440x540
Applied undistortion
---------------- DETECTION DETAILS ----------------
Total detections: 1
Detection #0 (ball, conf=0.873493):
  Box coords (x,y,w,h): 128,22,289,82
  Center point: (272.500000,63.000000)
  Normalized center: (0.619318,0.116667)
  Box size ratios (w,h): 0.656818,0.151852
  Box area: 23698 pixels (9.973906% of image)

================= FRAME 83 =================
Image dimensions: 440x540
Applied undistortion
---------------- DETECTION DETAILS ----------------
Total detections: 1
Detection #0 (ball, conf=0.871291):
  Box coords (x,y,w,h): 128,22,289,82
  Center point: (272.500000,63.000000)
  Normalized center: (0.619318,0.116667)
  Box size ratios (w,h): 0.656818,0.151852
  Box area: 23698 pixels (9.973906% of image)

================= FRAME 84 =================
Image dimensions: 440x540
Applied undistortion
---------------- DETECTION DETAILS ----------------
Total detections: 1
Detection #0 (ball, conf=0.874080):
  Box coords (x,y,w,h): 128,22,289,82
  Center point: (272.500000,63.000000)
  Normalized center: (0.619318,0.116667)
  Box size ratios (w,h): 0.656818,0.151852
  Box area: 23698 pixels (9.973906% of image)

================= FRAME 85 =================
Image dimensions: 440x540
Applied undistortion
---------------- DETECTION DETAILS ----------------
Total detections: 1
Detection #0 (ball, conf=0.868666):
  Box coords (x,y,w,h): 128,22,289,82
  Center point: (272.500000,63.000000)
  Normalized center: (0.619318,0.116667)
  Box size ratios (w,h): 0.656818,0.151852
  Box area: 23698 pixels (9.973906% of image)

================= FRAME 86 =================
Image dimensions: 440x540
Applied undistortion
---------------- DETECTION DETAILS ----------------
Total detections: 1
Detection #0 (ball, conf=0.871559):
  Box coords (x,y,w,h): 128,22,289,82
  Center point: (272.500000,63.000000)
  Normalized center: (0.619318,0.116667)
  Box size ratios (w,h): 0.656818,0.151852
  Box area: 23698 pixels (9.973906% of image)

================= FRAME 87 =================
Image dimensions: 440x540
Applied undistortion
---------------- DETECTION DETAILS ----------------
Total detections: 1
Detection #0 (ball, conf=0.869763):
  Box coords (x,y,w,h): 128,22,289,82
  Center point: (272.500000,63.000000)
  Normalized center: (0.619318,0.116667)
  Box size ratios (w,h): 0.656818,0.151852
  Box area: 23698 pixels (9.973906% of image)

================= FRAME 88 =================
Image dimensions: 440x540
Applied undistortion
---------------- DETECTION DETAILS ----------------
Total detections: 1
Detection #0 (ball, conf=0.871975):
  Box coords (x,y,w,h): 128,22,289,82
  Center point: (272.500000,63.000000)
  Normalized center: (0.619318,0.116667)
  Box size ratios (w,h): 0.656818,0.151852
  Box area: 23698 pixels (9.973906% of image)

================= FRAME 89 =================
Image dimensions: 440x540
Applied undistortion
---------------- DETECTION DETAILS ----------------
Total detections: 1
Detection #0 (ball, conf=0.870668):
  Box coords (x,y,w,h): 128,22,289,82
  Center point: (272.500000,63.000000)
  Normalized center: (0.619318,0.116667)
  Box size ratios (w,h): 0.656818,0.151852
  Box area: 23698 pixels (9.973906% of image)

================= FRAME 90 =================
Image dimensions: 440x540
Applied undistortion
---------------- DETECTION DETAILS ----------------
Total detections: 1
Detection #0 (ball, conf=0.868285):
  Box coords (x,y,w,h): 128,22,289,82
  Center point: (272.500000,63.000000)
  Normalized center: (0.619318,0.116667)
  Box size ratios (w,h): 0.656818,0.151852
  Box area: 23698 pixels (9.973906% of image)

================= FRAME 91 =================
Image dimensions: 440x540
Applied undistortion
---------------- DETECTION DETAILS ----------------
Total detections: 1
Detection #0 (ball, conf=0.871363):
  Box coords (x,y,w,h): 128,22,289,82
  Center point: (272.500000,63.000000)
  Normalized center: (0.619318,0.116667)
  Box size ratios (w,h): 0.656818,0.151852
  Box area: 23698 pixels (9.973906% of image)

================= FRAME 92 =================
Image dimensions: 440x540
Applied undistortion
---------------- DETECTION DETAILS ----------------
Total detections: 1
Detection #0 (ball, conf=0.873056):
  Box coords (x,y,w,h): 128,22,289,82
  Center point: (272.500000,63.000000)
  Normalized center: (0.619318,0.116667)
  Box size ratios (w,h): 0.656818,0.151852
  Box area: 23698 pixels (9.973906% of image)

================= FRAME 93 =================
Image dimensions: 440x540
Applied undistortion
---------------- DETECTION DETAILS ----------------
Total detections: 1
Detection #0 (ball, conf=0.873968):
  Box coords (x,y,w,h): 128,22,289,82
  Center point: (272.500000,63.000000)
  Normalized center: (0.619318,0.116667)
  Box size ratios (w,h): 0.656818,0.151852
  Box area: 23698 pixels (9.973906% of image)

================= FRAME 94 =================
Image dimensions: 440x540
Applied undistortion
---------------- DETECTION DETAILS ----------------
Total detections: 1
Detection #0 (ball, conf=0.873983):
  Box coords (x,y,w,h): 128,22,289,82
  Center point: (272.500000,63.000000)
  Normalized center: (0.619318,0.116667)
  Box size ratios (w,h): 0.656818,0.151852
  Box area: 23698 pixels (9.973906% of image)

================= FRAME 95 =================
Image dimensions: 440x540
Applied undistortion
---------------- DETECTION DETAILS ----------------
Total detections: 1
Detection #0 (ball, conf=0.871423):
  Box coords (x,y,w,h): 128,22,289,82
  Center point: (272.500000,63.000000)
  Normalized center: (0.619318,0.116667)
  Box size ratios (w,h): 0.656818,0.151852
  Box area: 23698 pixels (9.973906% of image)

================= FRAME 96 =================
Image dimensions: 440x540
Applied undistortion
---------------- DETECTION DETAILS ----------------
Total detections: 1
Detection #0 (ball, conf=0.871971):
  Box coords (x,y,w,h): 128,22,289,82
  Center point: (272.500000,63.000000)
  Normalized center: (0.619318,0.116667)
  Box size ratios (w,h): 0.656818,0.151852
  Box area: 23698 pixels (9.973906% of image)

================= FRAME 97 =================
Image dimensions: 440x540
Applied undistortion
---------------- DETECTION DETAILS ----------------
Total detections: 1
Detection #0 (ball, conf=0.870667):
  Box coords (x,y,w,h): 128,22,289,82
  Center point: (272.500000,63.000000)
  Normalized center: (0.619318,0.116667)
  Box size ratios (w,h): 0.656818,0.151852
  Box area: 23698 pixels (9.973906% of image)

================= FRAME 98 =================
Image dimensions: 440x540
Applied undistortion
---------------- DETECTION DETAILS ----------------
Total detections: 1
Detection #0 (ball, conf=0.872693):
  Box coords (x,y,w,h): 128,22,289,82
  Center point: (272.500000,63.000000)
  Normalized center: (0.619318,0.116667)
  Box size ratios (w,h): 0.656818,0.151852
  Box area: 23698 pixels (9.973906% of image)

================= FRAME 99 =================
Image dimensions: 440x540
Applied undistortion
---------------- DETECTION DETAILS ----------------
Total detections: 1
Detection #0 (ball, conf=0.874135):
  Box coords (x,y,w,h): 128,22,289,82
  Center point: (272.500000,63.000000)
  Normalized center: (0.619318,0.116667)
  Box size ratios (w,h): 0.656818,0.151852
  Box area: 23698 pixels (9.973906% of image)

================= FRAME 100 =================
Image dimensions: 440x540
Applied undistortion
---------------- DETECTION DETAILS ----------------
Total detections: 1
Detection #0 (ball, conf=0.870458):
  Box coords (x,y,w,h): 128,22,289,82
  Center point: (272.500000,63.000000)
  Normalized center: (0.619318,0.116667)
  Box size ratios (w,h): 0.656818,0.151852
  Box area: 23698 pixels (9.973906% of image)

================= FRAME 101 =================
Image dimensions: 440x540
Applied undistortion
---------------- DETECTION DETAILS ----------------
Total detections: 1
Detection #0 (ball, conf=0.871072):
  Box coords (x,y,w,h): 128,22,289,82
  Center point: (272.500000,63.000000)
  Normalized center: (0.619318,0.116667)
  Box size ratios (w,h): 0.656818,0.151852
  Box area: 23698 pixels (9.973906% of image)

================= FRAME 102 =================
Image dimensions: 440x540
Applied undistortion
---------------- DETECTION DETAILS ----------------
Total detections: 1
Detection #0 (ball, conf=0.872938):
  Box coords (x,y,w,h): 128,22,289,82
  Center point: (272.500000,63.000000)
  Normalized center: (0.619318,0.116667)
  Box size ratios (w,h): 0.656818,0.151852
  Box area: 23698 pixels (9.973906% of image)

================= FRAME 103 =================
Image dimensions: 440x540
Applied undistortion
---------------- DETECTION DETAILS ----------------
Total detections: 1
Detection #0 (ball, conf=0.872871):
  Box coords (x,y,w,h): 128,22,289,82
  Center point: (272.500000,63.000000)
  Normalized center: (0.619318,0.116667)
  Box size ratios (w,h): 0.656818,0.151852
  Box area: 23698 pixels (9.973906% of image)

================= FRAME 104 =================
Image dimensions: 440x540
Applied undistortion
---------------- DETECTION DETAILS ----------------
Total detections: 1
Detection #0 (ball, conf=0.871855):
  Box coords (x,y,w,h): 128,22,289,82
  Center point: (272.500000,63.000000)
  Normalized center: (0.619318,0.116667)
  Box size ratios (w,h): 0.656818,0.151852
  Box area: 23698 pixels (9.973906% of image)

================= FRAME 105 =================
Image dimensions: 440x540
Applied undistortion
---------------- DETECTION DETAILS ----------------
Total detections: 1
Detection #0 (ball, conf=0.871269):
  Box coords (x,y,w,h): 128,22,289,82
  Center point: (272.500000,63.000000)
  Normalized center: (0.619318,0.116667)
  Box size ratios (w,h): 0.656818,0.151852
  Box area: 23698 pixels (9.973906% of image)

================= FRAME 106 =================
Image dimensions: 440x540
Applied undistortion
---------------- DETECTION DETAILS ----------------
Total detections: 1
Detection #0 (ball, conf=0.866660):
  Box coords (x,y,w,h): 128,22,289,82
  Center point: (272.500000,63.000000)
  Normalized center: (0.619318,0.116667)
  Box size ratios (w,h): 0.656818,0.151852
  Box area: 23698 pixels (9.973906% of image)

================= FRAME 107 =================
Image dimensions: 440x540
Applied undistortion
---------------- DETECTION DETAILS ----------------
Total detections: 1
Detection #0 (ball, conf=0.874622):
  Box coords (x,y,w,h): 128,22,289,82
  Center point: (272.500000,63.000000)
  Normalized center: (0.619318,0.116667)
  Box size ratios (w,h): 0.656818,0.151852
  Box area: 23698 pixels (9.973906% of image)

================= FRAME 108 =================
Image dimensions: 440x540
Applied undistortion
---------------- DETECTION DETAILS ----------------
Total detections: 1
Detection #0 (ball, conf=0.872974):
  Box coords (x,y,w,h): 128,22,289,82
  Center point: (272.500000,63.000000)
  Normalized center: (0.619318,0.116667)
  Box size ratios (w,h): 0.656818,0.151852
  Box area: 23698 pixels (9.973906% of image)

================= FRAME 109 =================
Image dimensions: 440x540
Applied undistortion
---------------- DETECTION DETAILS ----------------
Total detections: 1
Detection #0 (ball, conf=0.871291):
  Box coords (x,y,w,h): 128,22,289,82
  Center point: (272.500000,63.000000)
  Normalized center: (0.619318,0.116667)
  Box size ratios (w,h): 0.656818,0.151852
  Box area: 23698 pixels (9.973906% of image)

================= FRAME 110 =================
Image dimensions: 440x540
Applied undistortion
---------------- DETECTION DETAILS ----------------
Total detections: 1
Detection #0 (ball, conf=0.871405):
  Box coords (x,y,w,h): 128,22,289,82
  Center point: (272.500000,63.000000)
  Normalized center: (0.619318,0.116667)
  Box size ratios (w,h): 0.656818,0.151852
  Box area: 23698 pixels (9.973906% of image)

================= FRAME 111 =================
Image dimensions: 440x540
Applied undistortion
---------------- DETECTION DETAILS ----------------
Total detections: 1
Detection #0 (ball, conf=0.870349):
  Box coords (x,y,w,h): 128,22,289,82
  Center point: (272.500000,63.000000)
  Normalized center: (0.619318,0.116667)
  Box size ratios (w,h): 0.656818,0.151852
  Box area: 23698 pixels (9.973906% of image)

================= FRAME 112 =================
Image dimensions: 440x540
Applied undistortion
---------------- DETECTION DETAILS ----------------
Total detections: 1
Detection #0 (ball, conf=0.867603):
  Box coords (x,y,w,h): 128,22,289,82
  Center point: (272.500000,63.000000)
  Normalized center: (0.619318,0.116667)
  Box size ratios (w,h): 0.656818,0.151852
  Box area: 23698 pixels (9.973906% of image)

================= FRAME 113 =================
Image dimensions: 440x540
Applied undistortion
---------------- DETECTION DETAILS ----------------
Total detections: 1
Detection #0 (ball, conf=0.867682):
  Box coords (x,y,w,h): 128,22,289,82
  Center point: (272.500000,63.000000)
  Normalized center: (0.619318,0.116667)
  Box size ratios (w,h): 0.656818,0.151852
  Box area: 23698 pixels (9.973906% of image)

================= FRAME 114 =================
Image dimensions: 440x540
Applied undistortion
---------------- DETECTION DETAILS ----------------
Total detections: 1
Detection #0 (ball, conf=0.870845):
  Box coords (x,y,w,h): 128,22,289,82
  Center point: (272.500000,63.000000)
  Normalized center: (0.619318,0.116667)
  Box size ratios (w,h): 0.656818,0.151852
  Box area: 23698 pixels (9.973906% of image)

================= FRAME 115 =================
Image dimensions: 440x540
Applied undistortion
---------------- DETECTION DETAILS ----------------
Total detections: 2
Detection #0 (ball, conf=0.884324):
  Box coords (x,y,w,h): 128,22,289,82
  Center point: (272.500000,63.000000)
  Normalized center: (0.619318,0.116667)
  Box size ratios (w,h): 0.656818,0.151852
  Box area: 23698 pixels (9.973906% of image)
Detection #1 (club , conf=0.869807):
  Box coords (x,y,w,h): 117,-14,299,39
  Center point: (266.500000,5.500000)
  Normalized center: (0.605682,0.010185)
  Box size ratios (w,h): 0.679545,0.072222
  Box area: 11661 pixels (4.907828% of image)

================= FRAME 116 =================
Image dimensions: 440x540
Applied undistortion
---------------- DETECTION DETAILS ----------------
Total detections: 2
Detection #0 (club , conf=0.836797):
  Box coords (x,y,w,h): 117,3,302,81
  Center point: (268.000000,43.500000)
  Normalized center: (0.609091,0.080556)
  Box size ratios (w,h): 0.686364,0.150000
  Box area: 24462 pixels (10.295455% of image)
Detection #1 (ball, conf=0.781275):
  Box coords (x,y,w,h): 128,21,288,81
  Center point: (272.000000,61.500000)
  Normalized center: (0.618182,0.113889)
  Box size ratios (w,h): 0.654545,0.150000
  Box area: 23328 pixels (9.818182% of image)

================= FRAME 117 =================
Image dimensions: 440x540
Applied undistortion
---------------- DETECTION DETAILS ----------------
Total detections: 3
Detection #0 (club , conf=0.843113):
  Box coords (x,y,w,h): 117,17,304,111
  Center point: (269.000000,72.500000)
  Normalized center: (0.611364,0.134259)
  Box size ratios (w,h): 0.690909,0.205556
  Box area: 33744 pixels (14.202021% of image)
Detection #1 (ball, conf=0.828758):
  Box coords (x,y,w,h): 129,25,288,91
  Center point: (273.000000,70.500000)
  Normalized center: (0.620455,0.130556)
  Box size ratios (w,h): 0.654545,0.168519
  Box area: 26208 pixels (11.030303% of image)
Detection #2 (ball, conf=0.342246):
  Box coords (x,y,w,h): 127,22,289,96
  Center point: (271.500000,70.000000)
  Normalized center: (0.617045,0.129630)
  Box size ratios (w,h): 0.656818,0.177778
  Box area: 27744 pixels (11.676767% of image)

================= FRAME 118 =================
Image dimensions: 440x540
Applied undistortion
---------------- DETECTION DETAILS ----------------
Total detections: 2
Detection #0 (ball, conf=0.867431):
  Box coords (x,y,w,h): 126,32,284,102
  Center point: (268.000000,83.000000)
  Normalized center: (0.609091,0.153704)
  Box size ratios (w,h): 0.645455,0.188889
  Box area: 28968 pixels (12.191919% of image)
Detection #1 (club , conf=0.857823):
  Box coords (x,y,w,h): 120,35,308,140
  Center point: (274.000000,105.000000)
  Normalized center: (0.622727,0.194444)
  Box size ratios (w,h): 0.700000,0.259259
  Box area: 43120 pixels (18.148148% of image)

================= FRAME 119 =================
Image dimensions: 440x540
Applied undistortion
---------------- DETECTION DETAILS ----------------
Total detections: 2
Detection #0 (ball, conf=0.885747):
  Box coords (x,y,w,h): 124,38,283,116
  Center point: (265.500000,96.000000)
  Normalized center: (0.603409,0.177778)
  Box size ratios (w,h): 0.643182,0.214815
  Box area: 32828 pixels (13.816499% of image)
Detection #1 (club , conf=0.865093):
  Box coords (x,y,w,h): 122,49,313,167
  Center point: (278.500000,132.500000)
  Normalized center: (0.632955,0.245370)
  Box size ratios (w,h): 0.711364,0.309259
  Box area: 52271 pixels (21.999578% of image)

================= FRAME 120 =================
Image dimensions: 440x540
Applied undistortion
---------------- DETECTION DETAILS ----------------
Total detections: 2
Detection #0 (ball, conf=0.876631):
  Box coords (x,y,w,h): 123,44,280,130
  Center point: (263.000000,109.000000)
  Normalized center: (0.597727,0.201852)
  Box size ratios (w,h): 0.636364,0.240741
  Box area: 36400 pixels (15.319865% of image)
Detection #1 (club , conf=0.859000):
  Box coords (x,y,w,h): 124,64,320,196
  Center point: (284.000000,162.000000)
  Normalized center: (0.645455,0.300000)
  Box size ratios (w,h): 0.727273,0.362963
  Box area: 62720 pixels (26.397306% of image)

================= FRAME 121 =================
Image dimensions: 440x540
Applied undistortion
---------------- DETECTION DETAILS ----------------
Total detections: 2
Detection #0 (ball, conf=0.880471):
  Box coords (x,y,w,h): 121,51,278,144
  Center point: (260.000000,123.000000)
  Normalized center: (0.590909,0.227778)
  Box size ratios (w,h): 0.631818,0.266667
  Box area: 40032 pixels (16.848484% of image)
Detection #1 (club , conf=0.850904):
  Box coords (x,y,w,h): 127,80,327,224
  Center point: (290.500000,192.000000)
  Normalized center: (0.660227,0.355556)
  Box size ratios (w,h): 0.743182,0.414815
  Box area: 73248 pixels (30.828283% of image)

================= FRAME 122 =================
Image dimensions: 440x540
Applied undistortion
---------------- DETECTION DETAILS ----------------
Total detections: 2
Detection #0 (ball, conf=0.863203):
  Box coords (x,y,w,h): 119,58,274,159
  Center point: (256.000000,137.500000)
  Normalized center: (0.581818,0.254630)
  Box size ratios (w,h): 0.622727,0.294444
  Box area: 43566 pixels (18.335859% of image)
Detection #1 (club , conf=0.852631):
  Box coords (x,y,w,h): 131,95,336,253
  Center point: (299.000000,221.500000)
  Normalized center: (0.679545,0.410185)
  Box size ratios (w,h): 0.763636,0.468519
  Box area: 85008 pixels (35.777779% of image)

================= FRAME 123 =================
Image dimensions: 440x540
Applied undistortion
---------------- DETECTION DETAILS ----------------
Total detections: 3
Detection #0 (ball, conf=0.869843):
  Box coords (x,y,w,h): 116,66,272,175
  Center point: (252.000000,153.500000)
  Normalized center: (0.572727,0.284259)
  Box size ratios (w,h): 0.618182,0.324074
  Box area: 47600 pixels (20.033670% of image)
Detection #1 (club , conf=0.840714):
  Box coords (x,y,w,h): 135,109,347,280
  Center point: (308.500000,249.000000)
  Normalized center: (0.701136,0.461111)
  Box size ratios (w,h): 0.788636,0.518519
  Box area: 97160 pixels (40.892258% of image)
Detection #2 (club , conf=0.551333):
  Box coords (x,y,w,h): 117,66,272,175
  Center point: (253.000000,153.500000)
  Normalized center: (0.575000,0.284259)
  Box size ratios (w,h): 0.618182,0.324074
  Box area: 47600 pixels (20.033670% of image)

================= FRAME 124 =================
Image dimensions: 440x540
Applied undistortion
---------------- DETECTION DETAILS ----------------
Total detections: 2
Detection #0 (ball, conf=0.873196):
  Box coords (x,y,w,h): 114,74,269,192
  Center point: (248.500000,170.000000)
  Normalized center: (0.564773,0.314815)
  Box size ratios (w,h): 0.611364,0.355556
  Box area: 51648 pixels (21.737373% of image)
Detection #1 (club , conf=0.844988):
  Box coords (x,y,w,h): 140,121,359,307
  Center point: (319.500000,274.500000)
  Normalized center: (0.726136,0.508333)
  Box size ratios (w,h): 0.815909,0.568519
  Box area: 110213 pixels (46.385944% of image)

================= FRAME 125 =================
Image dimensions: 440x540
Applied undistortion
---------------- DETECTION DETAILS ----------------
Total detections: 3
Detection #0 (club , conf=0.821887):
  Box coords (x,y,w,h): 147,132,372,332
  Center point: (333.000000,298.000000)
  Normalized center: (0.756818,0.551852)
  Box size ratios (w,h): 0.845455,0.614815
  Box area: 123504 pixels (51.979797% of image)
Detection #1 (ball, conf=0.793206):
  Box coords (x,y,w,h): 111,82,266,210
  Center point: (244.000000,187.000000)
  Normalized center: (0.554545,0.346296)
  Box size ratios (w,h): 0.604545,0.388889
  Box area: 55860 pixels (23.510101% of image)
Detection #2 (club , conf=0.250080):
  Box coords (x,y,w,h): 112,82,266,210
  Center point: (245.000000,187.000000)
  Normalized center: (0.556818,0.346296)
  Box size ratios (w,h): 0.604545,0.388889
  Box area: 55860 pixels (23.510101% of image)

================= FRAME 126 =================
Image dimensions: 440x540
Applied undistortion
---------------- DETECTION DETAILS ----------------
Total detections: 3
Detection #0 (club , conf=0.843777):
  Box coords (x,y,w,h): 153,145,388,357
  Center point: (347.000000,323.500000)
  Normalized center: (0.788636,0.599074)
  Box size ratios (w,h): 0.881818,0.661111
  Box area: 138516 pixels (58.297981% of image)
Detection #1 (club , conf=0.764536):
  Box coords (x,y,w,h): 109,90,263,228
  Center point: (240.500000,204.000000)
  Normalized center: (0.546591,0.377778)
  Box size ratios (w,h): 0.597727,0.422222
  Box area: 59964 pixels (25.237373% of image)
Detection #2 (ball, conf=0.645903):
  Box coords (x,y,w,h): 109,91,263,228
  Center point: (240.500000,205.000000)
  Normalized center: (0.546591,0.379630)
  Box size ratios (w,h): 0.597727,0.422222
  Box area: 59964 pixels (25.237373% of image)

================= FRAME 127 =================
Image dimensions: 440x540
Applied undistortion
---------------- DETECTION DETAILS ----------------
Total detections: 3
Detection #0 (club , conf=0.853627):
  Box coords (x,y,w,h): 162,156,404,382
  Center point: (364.000000,347.000000)
  Normalized center: (0.827273,0.642593)
  Box size ratios (w,h): 0.918182,0.707407
  Box area: 154328 pixels (64.952866% of image)
Detection #1 (club , conf=0.477850):
  Box coords (x,y,w,h): 107,100,259,248
  Center point: (236.500000,224.000000)
  Normalized center: (0.537500,0.414815)
  Box size ratios (w,h): 0.588636,0.459259
  Box area: 64232 pixels (27.033670% of image)
Detection #2 (ball, conf=0.254798):
  Box coords (x,y,w,h): 107,100,259,248
  Center point: (236.500000,224.000000)
  Normalized center: (0.537500,0.414815)
  Box size ratios (w,h): 0.588636,0.459259
  Box area: 64232 pixels (27.033670% of image)

================= FRAME 128 =================
Image dimensions: 440x540
Applied undistortion
---------------- DETECTION DETAILS ----------------
Total detections: 3
Detection #0 (club , conf=0.843651):
  Box coords (x,y,w,h): 171,167,423,406
  Center point: (382.500000,370.000000)
  Normalized center: (0.869318,0.685185)
  Box size ratios (w,h): 0.961364,0.751852
  Box area: 171738 pixels (72.280304% of image)
Detection #1 (club , conf=0.810145):
  Box coords (x,y,w,h): 104,109,255,270
  Center point: (231.500000,244.000000)
  Normalized center: (0.526136,0.451852)
  Box size ratios (w,h): 0.579545,0.500000
  Box area: 68850 pixels (28.977272% of image)
Detection #2 (ball, conf=0.648148):
  Box coords (x,y,w,h): 104,110,255,269
  Center point: (231.500000,244.500000)
  Normalized center: (0.526136,0.452778)
  Box size ratios (w,h): 0.579545,0.498148
  Box area: 68595 pixels (28.869949% of image)

================= FRAME 129 =================
Image dimensions: 440x540
Applied undistortion
---------------- DETECTION DETAILS ----------------
Total detections: 3
Detection #0 (club , conf=0.847636):
  Box coords (x,y,w,h): 184,178,439,428
  Center point: (403.500000,392.000000)
  Normalized center: (0.917045,0.725926)
  Box size ratios (w,h): 0.997727,0.792593
  Box area: 187892 pixels (79.079124% of image)
Detection #1 (club , conf=0.786171):
  Box coords (x,y,w,h): 102,120,250,292
  Center point: (227.000000,266.000000)
  Normalized center: (0.515909,0.492593)
  Box size ratios (w,h): 0.568182,0.540741
  Box area: 73000 pixels (30.723906% of image)
Detection #2 (ball, conf=0.344560):
  Box coords (x,y,w,h): 101,120,251,291
  Center point: (226.500000,265.500000)
  Normalized center: (0.514773,0.491667)
  Box size ratios (w,h): 0.570455,0.538889
  Box area: 73041 pixels (30.741161% of image)

================= FRAME 130 =================
Image dimensions: 440x540
Applied undistortion
---------------- DETECTION DETAILS ----------------
Total detections: 3
Detection #0 (club , conf=0.735602):
  Box coords (x,y,w,h): 205,187,439,450
  Center point: (424.500000,412.000000)
  Normalized center: (0.964773,0.762963)
  Box size ratios (w,h): 0.997727,0.833333
  Box area: 197550 pixels (83.143936% of image)
Detection #1 (club , conf=0.623626):
  Box coords (x,y,w,h): 98,131,246,315
  Center point: (221.000000,288.500000)
  Normalized center: (0.502273,0.534259)
  Box size ratios (w,h): 0.559091,0.583333
  Box area: 77490 pixels (32.613636% of image)
Detection #2 (ball, conf=0.431744):
  Box coords (x,y,w,h): 99,131,246,315
  Center point: (222.000000,288.500000)
  Normalized center: (0.504545,0.534259)
  Box size ratios (w,h): 0.559091,0.583333
  Box area: 77490 pixels (32.613636% of image)

================= FRAME 131 =================
Image dimensions: 440x540
Applied undistortion
---------------- DETECTION DETAILS ----------------
Total detections: 2
Detection #0 (club , conf=0.841939):
  Box coords (x,y,w,h): 95,142,241,340
  Center point: (215.500000,312.000000)
  Normalized center: (0.489773,0.577778)
  Box size ratios (w,h): 0.547727,0.629630
  Box area: 81940 pixels (34.486530% of image)
Detection #1 (ball, conf=0.501474):
  Box coords (x,y,w,h): 95,143,241,340
  Center point: (215.500000,313.000000)
  Normalized center: (0.489773,0.579630)
  Box size ratios (w,h): 0.547727,0.629630
  Box area: 81940 pixels (34.486530% of image)

================= FRAME 132 =================
Image dimensions: 440x540
Applied undistortion
---------------- DETECTION DETAILS ----------------
Total detections: 1
Detection #0 (ball, conf=0.766813):
  Box coords (x,y,w,h): 91,155,235,367
  Center point: (208.500000,338.500000)
  Normalized center: (0.473864,0.626852)
  Box size ratios (w,h): 0.534091,0.679630
  Box area: 86245 pixels (36.298401% of image)

================= FRAME 133 =================
Image dimensions: 440x540
Applied undistortion
---------------- DETECTION DETAILS ----------------
Total detections: 2
Detection #0 (ball, conf=0.685645):
  Box coords (x,y,w,h): 87,169,229,396
  Center point: (201.500000,367.000000)
  Normalized center: (0.457955,0.679630)
  Box size ratios (w,h): 0.520455,0.733333
  Box area: 90684 pixels (38.166668% of image)
Detection #1 (club , conf=0.661158):
  Box coords (x,y,w,h): 88,169,229,396
  Center point: (202.500000,367.000000)
  Normalized center: (0.460227,0.679630)
  Box size ratios (w,h): 0.520455,0.733333
  Box area: 90684 pixels (38.166668% of image)

================= FRAME 134 =================
Image dimensions: 440x540
Applied undistortion
---------------- DETECTION DETAILS ----------------
Total detections: 2
Detection #0 (ball, conf=0.740326):
  Box coords (x,y,w,h): 84,183,223,427
  Center point: (195.500000,396.500000)
  Normalized center: (0.444318,0.734259)
  Box size ratios (w,h): 0.506818,0.790741
  Box area: 95221 pixels (40.076180% of image)
Detection #1 (club , conf=0.438214):
  Box coords (x,y,w,h): 84,183,223,427
  Center point: (195.500000,396.500000)
  Normalized center: (0.444318,0.734259)
  Box size ratios (w,h): 0.506818,0.790741
  Box area: 95221 pixels (40.076180% of image)

================= FRAME 135 =================
Image dimensions: 440x540
Applied undistortion
---------------- DETECTION DETAILS ----------------
Total detections: 2
Detection #0 (ball, conf=0.563076):
  Box coords (x,y,w,h): 79,198,216,460
  Center point: (187.000000,428.000000)
  Normalized center: (0.425000,0.792593)
  Box size ratios (w,h): 0.490909,0.851852
  Box area: 99360 pixels (41.818180% of image)
Detection #1 (club , conf=0.380648):
  Box coords (x,y,w,h): 79,198,216,460
  Center point: (187.000000,428.000000)
  Normalized center: (0.425000,0.792593)
  Box size ratios (w,h): 0.490909,0.851852
  Box area: 99360 pixels (41.818180% of image)

================= FRAME 136 =================
Image dimensions: 440x540
Applied undistortion
---------------- DETECTION DETAILS ----------------
Total detections: 1
Detection #0 (ball, conf=0.879969):
  Box coords (x,y,w,h): 74,215,208,496
  Center point: (178.000000,463.000000)
  Normalized center: (0.404545,0.857407)
  Box size ratios (w,h): 0.472727,0.918519
  Box area: 103168 pixels (43.420876% of image)

================= FRAME 137 =================
Image dimensions: 440x540
Applied undistortion
---------------- DETECTION DETAILS ----------------
Total detections: 1
Detection #0 (ball, conf=0.875725):
  Box coords (x,y,w,h): 68,233,200,536
  Center point: (168.000000,501.000000)
  Normalized center: (0.381818,0.927778)
  Box size ratios (w,h): 0.454545,0.992593
  Box area: 107200 pixels (45.117844% of image)

================= FRAME 138 =================
Image dimensions: 440x540
Applied undistortion
---------------- DETECTION DETAILS ----------------
Total detections: 0

================= FRAME 139 =================
Image dimensions: 440x540
Applied undistortion
---------------- DETECTION DETAILS ----------------
Total detections: 0

================= FRAME 140 =================
Image dimensions: 440x540
Applied undistortion
---------------- DETECTION DETAILS ----------------
Total detections: 0

================= FRAME 141 =================
Image dimensions: 440x540
Applied undistortion
---------------- DETECTION DETAILS ----------------
Total detections: 0

================= FRAME 142 =================
Image dimensions: 440x540
Applied undistortion
---------------- DETECTION DETAILS ----------------
Total detections: 0

================= FRAME 143 =================
Image dimensions: 440x540
Applied undistortion
---------------- DETECTION DETAILS ----------------
Total detections: 0

================= FRAME 144 =================
Image dimensions: 440x540
Applied undistortion
---------------- DETECTION DETAILS ----------------
Total detections: 0

================= FRAME 145 =================
Image dimensions: 440x540
Applied undistortion
---------------- DETECTION DETAILS ----------------
Total detections: 0

================= FRAME 146 =================
Image dimensions: 440x540
Applied undistortion
---------------- DETECTION DETAILS ----------------
Total detections: 0

================= FRAME 147 =================
Image dimensions: 440x540
Applied undistortion
---------------- DETECTION DETAILS ----------------
Total detections: 0

================= FRAME 148 =================
Image dimensions: 440x540
Applied undistortion
---------------- DETECTION DETAILS ----------------
Total detections: 0

================= FRAME 149 =================
Image dimensions: 440x540
Applied undistortion
---------------- DETECTION DETAILS ----------------
Total detections: 0

================= FRAME 150 =================
Image dimensions: 440x540
Applied undistortion
---------------- DETECTION DETAILS ----------------
Total detections: 0

================= FRAME 151 =================
Image dimensions: 440x540
Applied undistortion
---------------- DETECTION DETAILS ----------------
Total detections: 0

================= FRAME 152 =================
Image dimensions: 440x540
Applied undistortion
---------------- DETECTION DETAILS ----------------
Total detections: 0

================= FRAME 153 =================
Image dimensions: 440x540
Applied undistortion
---------------- DETECTION DETAILS ----------------
Total detections: 0

================= FRAME 154 =================
Image dimensions: 440x540
Applied undistortion
---------------- DETECTION DETAILS ----------------
Total detections: 0

================= FRAME 155 =================
Image dimensions: 440x540
Applied undistortion
---------------- DETECTION DETAILS ----------------
Total detections: 0

================= FRAME 156 =================
Image dimensions: 440x540
Applied undistortion
---------------- DETECTION DETAILS ----------------
Total detections: 0

================= FRAME 157 =================
Image dimensions: 440x540
Applied undistortion
---------------- DETECTION DETAILS ----------------
Total detections: 0

================= FRAME 158 =================
Image dimensions: 440x540
Applied undistortion
---------------- DETECTION DETAILS ----------------
Total detections: 0

================= FRAME 159 =================
Image dimensions: 440x540
Applied undistortion
---------------- DETECTION DETAILS ----------------
Total detections: 0

================= FRAME 160 =================
Image dimensions: 440x540
Applied undistortion
---------------- DETECTION DETAILS ----------------
Total detections: 0

================= FRAME 161 =================
Image dimensions: 440x540
Applied undistortion
---------------- DETECTION DETAILS ----------------
Total detections: 0

================= FRAME 162 =================
Image dimensions: 440x540
Applied undistortion
---------------- DETECTION DETAILS ----------------
Total detections: 0

================= FRAME 163 =================
Image dimensions: 440x540
Applied undistortion
---------------- DETECTION DETAILS ----------------
Total detections: 0

================= FRAME 164 =================
Image dimensions: 440x540
Applied undistortion
---------------- DETECTION DETAILS ----------------
Total detections: 0

================= FRAME 165 =================
Image dimensions: 440x540
Applied undistortion
---------------- DETECTION DETAILS ----------------
Total detections: 0

================= FRAME 166 =================
Image dimensions: 440x540
Applied undistortion
---------------- DETECTION DETAILS ----------------
Total detections: 0

================= FRAME 167 =================
Image dimensions: 440x540
Applied undistortion
---------------- DETECTION DETAILS ----------------
Total detections: 0

================= FRAME 168 =================
Image dimensions: 440x540
Applied undistortion
---------------- DETECTION DETAILS ----------------
Total detections: 0

================= FRAME 169 =================
Image dimensions: 440x540
Applied undistortion
---------------- DETECTION DETAILS ----------------
Total detections: 0

================= FRAME 170 =================
Image dimensions: 440x540
Applied undistortion
---------------- DETECTION DETAILS ----------------
Total detections: 0

================= FRAME 171 =================
Image dimensions: 440x540
Applied undistortion
---------------- DETECTION DETAILS ----------------
Total detections: 0

================= FRAME 172 =================
Image dimensions: 440x540
Applied undistortion
---------------- DETECTION DETAILS ----------------
Total detections: 0

================= FRAME 173 =================
Image dimensions: 440x540
Applied undistortion
---------------- DETECTION DETAILS ----------------
Total detections: 0

================= FRAME 174 =================
Image dimensions: 440x540
Applied undistortion
---------------- DETECTION DETAILS ----------------
Total detections: 0

================= FRAME 175 =================
Image dimensions: 440x540
Applied undistortion
---------------- DETECTION DETAILS ----------------
Total detections: 0

================= FRAME 176 =================
Image dimensions: 440x540
Applied undistortion
---------------- DETECTION DETAILS ----------------
Total detections: 0

================= FRAME 177 =================
Image dimensions: 440x540
Applied undistortion
---------------- DETECTION DETAILS ----------------
Total detections: 0

================= FRAME 178 =================
Image dimensions: 440x540
Applied undistortion
---------------- DETECTION DETAILS ----------------
Total detections: 0

================= FRAME 179 =================
Image dimensions: 440x540
Applied undistortion
---------------- DETECTION DETAILS ----------------
Total detections: 0

================= FRAME 180 =================
Image dimensions: 440x540
Applied undistortion
---------------- DETECTION DETAILS ----------------
Total detections: 0

================= FRAME 181 =================
Image dimensions: 440x540
Applied undistortion
---------------- DETECTION DETAILS ----------------
Total detections: 0

================= FRAME 182 =================
Image dimensions: 440x540
Applied undistortion
---------------- DETECTION DETAILS ----------------
Total detections: 0

================= FRAME 183 =================
Image dimensions: 440x540
Applied undistortion
---------------- DETECTION DETAILS ----------------
Total detections: 0

================= FRAME 184 =================
Image dimensions: 440x540
Applied undistortion
---------------- DETECTION DETAILS ----------------
Total detections: 0

================= FRAME 185 =================
Image dimensions: 440x540
Applied undistortion
---------------- DETECTION DETAILS ----------------
Total detections: 0

================= FRAME 186 =================
Image dimensions: 440x540
Applied undistortion
---------------- DETECTION DETAILS ----------------
Total detections: 0

================= FRAME 187 =================
Image dimensions: 440x540
Applied undistortion
---------------- DETECTION DETAILS ----------------
Total detections: 0

================= FRAME 188 =================
Image dimensions: 440x540
Applied undistortion
---------------- DETECTION DETAILS ----------------
Total detections: 0

================= FRAME 189 =================
Image dimensions: 440x540
Applied undistortion
---------------- DETECTION DETAILS ----------------
Total detections: 0

================= FRAME 190 =================
Image dimensions: 440x540
Applied undistortion
---------------- DETECTION DETAILS ----------------
Total detections: 0

================= FRAME 191 =================
Image dimensions: 440x540
Applied undistortion
---------------- DETECTION DETAILS ----------------
Total detections: 0

================= FRAME 192 =================
Image dimensions: 440x540
Applied undistortion
---------------- DETECTION DETAILS ----------------
Total detections: 0

================= FRAME 193 =================
Image dimensions: 440x540
Applied undistortion
---------------- DETECTION DETAILS ----------------
Total detections: 0

================= FRAME 194 =================
Image dimensions: 440x540
Applied undistortion
---------------- DETECTION DETAILS ----------------
Total detections: 0

================= FRAME 195 =================
Image dimensions: 440x540
Applied undistortion
---------------- DETECTION DETAILS ----------------
Total detections: 0

================= FRAME 196 =================
Image dimensions: 440x540
Applied undistortion
---------------- DETECTION DETAILS ----------------
Total detections: 0

================= FRAME 197 =================
Image dimensions: 440x540
Applied undistortion
---------------- DETECTION DETAILS ----------------
Total detections: 0

================= FRAME 198 =================
Image dimensions: 440x540
Applied undistortion
---------------- DETECTION DETAILS ----------------
Total detections: 0

================= FRAME 199 =================
Image dimensions: 440x540
Applied undistortion
---------------- DETECTION DETAILS ----------------
Total detections: 0

================= FRAME 200 =================
Image dimensions: 440x540
Applied undistortion
---------------- DETECTION DETAILS ----------------
Total detections: 0

================= FRAME 201 =================
Image dimensions: 440x540
Applied undistortion
---------------- DETECTION DETAILS ----------------
Total detections: 0

================= FRAME 202 =================
Image dimensions: 440x540
Applied undistortion
---------------- DETECTION DETAILS ----------------
Total detections: 0

================= FRAME 203 =================
Image dimensions: 440x540
Applied undistortion
---------------- DETECTION DETAILS ----------------
Total detections: 0

================= FRAME 204 =================
Image dimensions: 440x540
Applied undistortion
---------------- DETECTION DETAILS ----------------
Total detections: 0

End of video or camera disconnected
Average FPS: 7.279101
Detection complete!
