=== Python YOLO Object Detector (Simple Prediction) ===
Time: 2025-04-14 02:51:43
Video: videos/i58-Master-1.avi
Model: TrainResults3/best.pt
Camera: master
Calibration: stereo_calibration/calibration_results/master_calibration_8mm.npz
Loaded YOLO model: TrainResults3/best.pt
Model task: detect
Model stride: tensor([ 8., 16., 32.])
Model names: {0: 'ball', 1: 'club'}
Loaded NPZ calibration from stereo_calibration/calibration_results/master_calibration_8mm.npz
Available keys in calibration file: ['camera_matrix', 'dist_coeffs', 'rvecs', 'tvecs']
Loaded camera matrix: [[     1066.8           0      517.52]
 [          0      1070.1      173.92]
 [          0           0           1]]
Loaded distortion coefficients: [[   -0.51023     0.18677    0.010708   -0.025619    0.098934]]
Will create undistortion maps dynamically
Video info: 440x540, 400.0 fps, 205 frames
Created undistortion maps

================= FRAME 0 ==================
Image dimensions: 440x540
Applied undistortion using maps
Inference time: 2182.69 ms
---------------- DETECTION DETAILS ----------------
Total detections: 1
Detection #0 (ball, conf=0.889797):
  Box coords (x,y,w,h): 272.6,64.1,17.1,17.0
  Center point: (281.090073,72.581871)
  Normalized center: (0.638841,0.134411)
  Box size ratios (w,h): 0.038770,0.031438
  Box area: 289.6 pixels (0.121887% of image)

================= FRAME 1 ==================
Image dimensions: 440x540
Applied undistortion using maps
Inference time: 994.94 ms
---------------- DETECTION DETAILS ----------------
Total detections: 1
Detection #0 (ball, conf=0.888979):
  Box coords (x,y,w,h): 272.6,64.1,17.1,17.0
  Center point: (281.119888,72.605164)
  Normalized center: (0.638909,0.134454)
  Box size ratios (w,h): 0.038771,0.031438
  Box area: 289.6 pixels (0.121888% of image)

================= FRAME 2 ==================
Image dimensions: 440x540
Applied undistortion using maps
Inference time: 1500.61 ms
---------------- DETECTION DETAILS ----------------
Total detections: 1
Detection #0 (ball, conf=0.890168):
  Box coords (x,y,w,h): 272.6,64.1,17.0,17.0
  Center point: (281.096573,72.637489)
  Normalized center: (0.638856,0.134514)
  Box size ratios (w,h): 0.038649,0.031547
  Box area: 289.7 pixels (0.121928% of image)

================= FRAME 3 ==================
Image dimensions: 440x540
Applied undistortion using maps
Inference time: 451.34 ms
---------------- DETECTION DETAILS ----------------
Total detections: 1
Detection #0 (ball, conf=0.889093):
  Box coords (x,y,w,h): 272.6,64.1,17.1,17.1
  Center point: (281.123749,72.604546)
  Normalized center: (0.638918,0.134453)
  Box size ratios (w,h): 0.038875,0.031617
  Box area: 292.0 pixels (0.122911% of image)

================= FRAME 4 ==================
Image dimensions: 440x540
Applied undistortion using maps
Inference time: 532.67 ms
---------------- DETECTION DETAILS ----------------
Total detections: 1
Detection #0 (ball, conf=0.888669):
  Box coords (x,y,w,h): 272.6,64.1,17.1,17.1
  Center point: (281.133469,72.600685)
  Normalized center: (0.638940,0.134446)
  Box size ratios (w,h): 0.038795,0.031610
  Box area: 291.4 pixels (0.122630% of image)

================= FRAME 5 ==================
Image dimensions: 440x540
Applied undistortion using maps
Inference time: 518.34 ms
---------------- DETECTION DETAILS ----------------
Total detections: 1
Detection #0 (ball, conf=0.888990):
  Box coords (x,y,w,h): 272.6,64.1,17.1,17.0
  Center point: (281.116043,72.618839)
  Normalized center: (0.638900,0.134479)
  Box size ratios (w,h): 0.038804,0.031545
  Box area: 290.8 pixels (0.122406% of image)

================= FRAME 6 ==================
Image dimensions: 440x540
Applied undistortion using maps
Inference time: 769.69 ms
---------------- DETECTION DETAILS ----------------
Total detections: 1
Detection #0 (ball, conf=0.888624):
  Box coords (x,y,w,h): 272.6,64.1,17.1,17.1
  Center point: (281.109238,72.624554)
  Normalized center: (0.638885,0.134490)
  Box size ratios (w,h): 0.038894,0.031598
  Box area: 292.0 pixels (0.122898% of image)

================= FRAME 7 ==================
Image dimensions: 440x540
Applied undistortion using maps
Inference time: 256.74 ms
---------------- DETECTION DETAILS ----------------
Total detections: 1
Detection #0 (ball, conf=0.890142):
  Box coords (x,y,w,h): 272.6,64.2,17.0,16.9
  Center point: (281.124893,72.643585)
  Normalized center: (0.638920,0.134525)
  Box size ratios (w,h): 0.038692,0.031288
  Box area: 287.6 pixels (0.121058% of image)

================= FRAME 8 ==================
Image dimensions: 440x540
Applied undistortion using maps
Inference time: 280.53 ms
---------------- DETECTION DETAILS ----------------
Total detections: 1
Detection #0 (ball, conf=0.890533):
  Box coords (x,y,w,h): 272.6,64.1,17.1,17.1
  Center point: (281.100433,72.630428)
  Normalized center: (0.638865,0.134501)
  Box size ratios (w,h): 0.038778,0.031611
  Box area: 291.3 pixels (0.122584% of image)

================= FRAME 9 ==================
Image dimensions: 440x540
Applied undistortion using maps
Inference time: 472.68 ms
---------------- DETECTION DETAILS ----------------
Total detections: 1
Detection #0 (ball, conf=0.889217):
  Box coords (x,y,w,h): 272.5,64.1,17.1,17.1
  Center point: (281.084778,72.592922)
  Normalized center: (0.638829,0.134431)
  Box size ratios (w,h): 0.038919,0.031585
  Box area: 292.1 pixels (0.122927% of image)

================= FRAME 10 ==================
Image dimensions: 440x540
Applied undistortion using maps
Inference time: 333.30 ms
---------------- DETECTION DETAILS ----------------
Total detections: 1
Detection #0 (ball, conf=0.889901):
  Box coords (x,y,w,h): 272.5,64.1,17.0,17.0
  Center point: (281.066360,72.642876)
  Normalized center: (0.638787,0.134524)
  Box size ratios (w,h): 0.038744,0.031528
  Box area: 290.2 pixels (0.122155% of image)

================= FRAME 11 ==================
Image dimensions: 440x540
Applied undistortion using maps
Inference time: 303.50 ms
---------------- DETECTION DETAILS ----------------
Total detections: 1
Detection #0 (ball, conf=0.889876):
  Box coords (x,y,w,h): 272.5,64.2,17.1,17.0
  Center point: (281.066040,72.650730)
  Normalized center: (0.638786,0.134538)
  Box size ratios (w,h): 0.038802,0.031480
  Box area: 290.2 pixels (0.122149% of image)

================= FRAME 12 ==================
Image dimensions: 440x540
Applied undistortion using maps
Inference time: 979.07 ms
---------------- DETECTION DETAILS ----------------
Total detections: 1
Detection #0 (ball, conf=0.889595):
  Box coords (x,y,w,h): 272.5,64.1,17.1,17.1
  Center point: (281.073013,72.638279)
  Normalized center: (0.638802,0.134515)
  Box size ratios (w,h): 0.038885,0.031616
  Box area: 292.1 pixels (0.122941% of image)

================= FRAME 13 ==================
Image dimensions: 440x540
Applied undistortion using maps
Inference time: 486.84 ms
---------------- DETECTION DETAILS ----------------
Total detections: 1
Detection #0 (ball, conf=0.888847):
  Box coords (x,y,w,h): 272.6,64.1,17.0,17.0
  Center point: (281.127411,72.634701)
  Normalized center: (0.638926,0.134509)
  Box size ratios (w,h): 0.038727,0.031534
  Box area: 290.2 pixels (0.122120% of image)

================= FRAME 14 ==================
Image dimensions: 440x540
Applied undistortion using maps
Inference time: 222.34 ms
---------------- DETECTION DETAILS ----------------
Total detections: 1
Detection #0 (ball, conf=0.889246):
  Box coords (x,y,w,h): 272.5,64.1,17.1,17.0
  Center point: (281.102798,72.575092)
  Normalized center: (0.638870,0.134398)
  Box size ratios (w,h): 0.038906,0.031561
  Box area: 291.8 pixels (0.122791% of image)

================= FRAME 15 ==================
Image dimensions: 440x540
Applied undistortion using maps
Inference time: 173.02 ms
---------------- DETECTION DETAILS ----------------
Total detections: 1
Detection #0 (ball, conf=0.889721):
  Box coords (x,y,w,h): 272.5,64.1,17.1,17.1
  Center point: (281.103989,72.601082)
  Normalized center: (0.638873,0.134446)
  Box size ratios (w,h): 0.038897,0.031577
  Box area: 291.8 pixels (0.122824% of image)

================= FRAME 16 ==================
Image dimensions: 440x540
Applied undistortion using maps
Inference time: 171.38 ms
---------------- DETECTION DETAILS ----------------
Total detections: 1
Detection #0 (ball, conf=0.889873):
  Box coords (x,y,w,h): 272.6,64.1,17.1,17.0
  Center point: (281.106766,72.587528)
  Normalized center: (0.638879,0.134421)
  Box size ratios (w,h): 0.038880,0.031561
  Box area: 291.6 pixels (0.122707% of image)

================= FRAME 17 ==================
Image dimensions: 440x540
Applied undistortion using maps
Inference time: 156.01 ms
---------------- DETECTION DETAILS ----------------
Total detections: 1
Detection #0 (ball, conf=0.889221):
  Box coords (x,y,w,h): 272.6,64.1,17.1,17.0
  Center point: (281.136017,72.660076)
  Normalized center: (0.638945,0.134556)
  Box size ratios (w,h): 0.038860,0.031568
  Box area: 291.5 pixels (0.122671% of image)

================= FRAME 18 ==================
Image dimensions: 440x540
Applied undistortion using maps
Inference time: 206.60 ms
---------------- DETECTION DETAILS ----------------
Total detections: 1
Detection #0 (ball, conf=0.889253):
  Box coords (x,y,w,h): 272.6,64.1,17.1,17.0
  Center point: (281.096954,72.613953)
  Normalized center: (0.638857,0.134470)
  Box size ratios (w,h): 0.038789,0.031464
  Box area: 290.0 pixels (0.122044% of image)

================= FRAME 19 ==================
Image dimensions: 440x540
Applied undistortion using maps
Inference time: 174.36 ms
---------------- DETECTION DETAILS ----------------
Total detections: 1
Detection #0 (ball, conf=0.888730):
  Box coords (x,y,w,h): 272.6,64.1,17.1,17.0
  Center point: (281.111313,72.610157)
  Normalized center: (0.638889,0.134463)
  Box size ratios (w,h): 0.038814,0.031492
  Box area: 290.4 pixels (0.122234% of image)

================= FRAME 20 ==================
Image dimensions: 440x540
Applied undistortion using maps
Inference time: 160.41 ms
---------------- DETECTION DETAILS ----------------
Total detections: 1
Detection #0 (ball, conf=0.890088):
  Box coords (x,y,w,h): 272.5,64.1,17.1,17.0
  Center point: (281.074966,72.598015)
  Normalized center: (0.638807,0.134441)
  Box size ratios (w,h): 0.038938,0.031557
  Box area: 292.0 pixels (0.122876% of image)

================= FRAME 21 ==================
Image dimensions: 440x540
Applied undistortion using maps
Inference time: 135.44 ms
---------------- DETECTION DETAILS ----------------
Total detections: 1
Detection #0 (ball, conf=0.890322):
  Box coords (x,y,w,h): 272.6,64.1,17.1,17.1
  Center point: (281.128830,72.651951)
  Normalized center: (0.638929,0.134541)
  Box size ratios (w,h): 0.038872,0.031674
  Box area: 292.5 pixels (0.123121% of image)

================= FRAME 22 ==================
Image dimensions: 440x540
Applied undistortion using maps
Inference time: 187.98 ms
---------------- DETECTION DETAILS ----------------
Total detections: 1
Detection #0 (ball, conf=0.890132):
  Box coords (x,y,w,h): 272.5,64.1,17.1,17.1
  Center point: (281.078201,72.589642)
  Normalized center: (0.638814,0.134425)
  Box size ratios (w,h): 0.038897,0.031628
  Box area: 292.3 pixels (0.123023% of image)

================= FRAME 23 ==================
Image dimensions: 440x540
Applied undistortion using maps
Inference time: 201.91 ms
---------------- DETECTION DETAILS ----------------
Total detections: 1
Detection #0 (ball, conf=0.889404):
  Box coords (x,y,w,h): 272.5,64.1,17.1,17.0
  Center point: (281.098450,72.580616)
  Normalized center: (0.638860,0.134409)
  Box size ratios (w,h): 0.038892,0.031531
  Box area: 291.4 pixels (0.122631% of image)

================= FRAME 24 ==================
Image dimensions: 440x540
Applied undistortion using maps
Inference time: 181.70 ms
---------------- DETECTION DETAILS ----------------
Total detections: 1
Detection #0 (ball, conf=0.889688):
  Box coords (x,y,w,h): 272.5,64.1,17.1,17.0
  Center point: (281.063980,72.583214)
  Normalized center: (0.638782,0.134413)
  Box size ratios (w,h): 0.038777,0.031434
  Box area: 289.6 pixels (0.121892% of image)

================= FRAME 25 ==================
Image dimensions: 440x540
Applied undistortion using maps
Inference time: 160.80 ms
---------------- DETECTION DETAILS ----------------
Total detections: 1
Detection #0 (ball, conf=0.890049):
  Box coords (x,y,w,h): 272.6,64.1,17.1,17.0
  Center point: (281.119736,72.612221)
  Normalized center: (0.638908,0.134467)
  Box size ratios (w,h): 0.038828,0.031475
  Box area: 290.4 pixels (0.122210% of image)

================= FRAME 26 ==================
Image dimensions: 440x540
Applied undistortion using maps
Inference time: 152.15 ms
---------------- DETECTION DETAILS ----------------
Total detections: 1
Detection #0 (ball, conf=0.889434):
  Box coords (x,y,w,h): 272.6,64.1,17.1,17.1
  Center point: (281.124329,72.634365)
  Normalized center: (0.638919,0.134508)
  Box size ratios (w,h): 0.038863,0.031577
  Box area: 291.6 pixels (0.122718% of image)

================= FRAME 27 ==================
Image dimensions: 440x540
Applied undistortion using maps
Inference time: 257.60 ms
---------------- DETECTION DETAILS ----------------
Total detections: 1
Detection #0 (ball, conf=0.889050):
  Box coords (x,y,w,h): 272.5,64.1,17.1,17.0
  Center point: (281.107941,72.637043)
  Normalized center: (0.638882,0.134513)
  Box size ratios (w,h): 0.038938,0.031528
  Box area: 291.7 pixels (0.122763% of image)

================= FRAME 28 ==================
Image dimensions: 440x540
Applied undistortion using maps
Inference time: 196.68 ms
---------------- DETECTION DETAILS ----------------
Total detections: 1
Detection #0 (ball, conf=0.888582):
  Box coords (x,y,w,h): 272.6,64.1,17.1,17.1
  Center point: (281.108673,72.617496)
  Normalized center: (0.638883,0.134477)
  Box size ratios (w,h): 0.038893,0.031613
  Box area: 292.1 pixels (0.122955% of image)

================= FRAME 29 ==================
Image dimensions: 440x540
Applied undistortion using maps
Inference time: 434.69 ms
---------------- DETECTION DETAILS ----------------
Total detections: 1
Detection #0 (ball, conf=0.889644):
  Box coords (x,y,w,h): 272.6,64.1,17.1,17.0
  Center point: (281.115662,72.622894)
  Normalized center: (0.638899,0.134487)
  Box size ratios (w,h): 0.038867,0.031556
  Box area: 291.4 pixels (0.122649% of image)

================= FRAME 30 ==================
Image dimensions: 440x540
Applied undistortion using maps
Inference time: 446.66 ms
---------------- DETECTION DETAILS ----------------
Total detections: 1
Detection #0 (ball, conf=0.888126):
  Box coords (x,y,w,h): 272.6,64.1,17.1,17.0
  Center point: (281.110672,72.619030)
  Normalized center: (0.638888,0.134480)
  Box size ratios (w,h): 0.038770,0.031560
  Box area: 290.7 pixels (0.122355% of image)

================= FRAME 31 ==================
Image dimensions: 440x540
Applied undistortion using maps
Inference time: 161.48 ms
---------------- DETECTION DETAILS ----------------
Total detections: 1
Detection #0 (ball, conf=0.888777):
  Box coords (x,y,w,h): 272.5,64.1,17.1,17.1
  Center point: (281.094666,72.648964)
  Normalized center: (0.638852,0.134535)
  Box size ratios (w,h): 0.038867,0.031575
  Box area: 291.6 pixels (0.122722% of image)

================= FRAME 32 ==================
Image dimensions: 440x540
Applied undistortion using maps
Inference time: 164.08 ms
---------------- DETECTION DETAILS ----------------
Total detections: 1
Detection #0 (ball, conf=0.888066):
  Box coords (x,y,w,h): 272.5,64.1,17.1,17.0
  Center point: (281.072693,72.614014)
  Normalized center: (0.638802,0.134470)
  Box size ratios (w,h): 0.038831,0.031485
  Box area: 290.5 pixels (0.122260% of image)

================= FRAME 33 ==================
Image dimensions: 440x540
Applied undistortion using maps
Inference time: 141.86 ms
---------------- DETECTION DETAILS ----------------
Total detections: 1
Detection #0 (ball, conf=0.890503):
  Box coords (x,y,w,h): 272.5,64.1,17.2,17.1
  Center point: (281.095184,72.620415)
  Normalized center: (0.638853,0.134482)
  Box size ratios (w,h): 0.039022,0.031681
  Box area: 293.7 pixels (0.123625% of image)

================= FRAME 34 ==================
Image dimensions: 440x540
Applied undistortion using maps
Inference time: 165.70 ms
---------------- DETECTION DETAILS ----------------
Total detections: 1
Detection #0 (ball, conf=0.888641):
  Box coords (x,y,w,h): 272.5,64.1,17.1,17.0
  Center point: (281.091049,72.656750)
  Normalized center: (0.638843,0.134550)
  Box size ratios (w,h): 0.038862,0.031542
  Box area: 291.3 pixels (0.122581% of image)

================= FRAME 35 ==================
Image dimensions: 440x540
Applied undistortion using maps
Inference time: 157.40 ms
---------------- DETECTION DETAILS ----------------
Total detections: 1
Detection #0 (ball, conf=0.888987):
  Box coords (x,y,w,h): 272.6,64.1,17.0,17.0
  Center point: (281.086472,72.621880)
  Normalized center: (0.638833,0.134485)
  Box size ratios (w,h): 0.038715,0.031490
  Box area: 289.7 pixels (0.121913% of image)

================= FRAME 36 ==================
Image dimensions: 440x540
Applied undistortion using maps
Inference time: 210.43 ms
---------------- DETECTION DETAILS ----------------
Total detections: 1
Detection #0 (ball, conf=0.888875):
  Box coords (x,y,w,h): 272.6,64.1,17.1,17.0
  Center point: (281.118195,72.625961)
  Normalized center: (0.638905,0.134493)
  Box size ratios (w,h): 0.038846,0.031486
  Box area: 290.6 pixels (0.122308% of image)

================= FRAME 37 ==================
Image dimensions: 440x540
Applied undistortion using maps
Inference time: 164.19 ms
---------------- DETECTION DETAILS ----------------
Total detections: 1
Detection #0 (ball, conf=0.888586):
  Box coords (x,y,w,h): 272.5,64.1,17.1,17.1
  Center point: (281.099411,72.594997)
  Normalized center: (0.638862,0.134435)
  Box size ratios (w,h): 0.038877,0.031593
  Box area: 291.8 pixels (0.122823% of image)

================= FRAME 38 ==================
Image dimensions: 440x540
Applied undistortion using maps
Inference time: 171.35 ms
---------------- DETECTION DETAILS ----------------
Total detections: 1
Detection #0 (ball, conf=0.889517):
  Box coords (x,y,w,h): 272.5,64.1,17.1,17.0
  Center point: (281.083954,72.610306)
  Normalized center: (0.638827,0.134464)
  Box size ratios (w,h): 0.038848,0.031455
  Box area: 290.3 pixels (0.122197% of image)

================= FRAME 39 ==================
Image dimensions: 440x540
Applied undistortion using maps
Inference time: 160.72 ms
---------------- DETECTION DETAILS ----------------
Total detections: 1
Detection #0 (ball, conf=0.888333):
  Box coords (x,y,w,h): 272.5,64.1,17.1,17.0
  Center point: (281.059631,72.632275)
  Normalized center: (0.638772,0.134504)
  Box size ratios (w,h): 0.038793,0.031507
  Box area: 290.4 pixels (0.122226% of image)

================= FRAME 40 ==================
Image dimensions: 440x540
Applied undistortion using maps
Inference time: 183.27 ms
---------------- DETECTION DETAILS ----------------
Total detections: 1
Detection #0 (ball, conf=0.889482):
  Box coords (x,y,w,h): 272.5,64.1,17.1,17.0
  Center point: (281.066544,72.614834)
  Normalized center: (0.638788,0.134472)
  Box size ratios (w,h): 0.038877,0.031468
  Box area: 290.7 pixels (0.122337% of image)

================= FRAME 41 ==================
Image dimensions: 440x540
Applied undistortion using maps
Inference time: 189.47 ms
---------------- DETECTION DETAILS ----------------
Total detections: 1
Detection #0 (ball, conf=0.888336):
  Box coords (x,y,w,h): 272.5,64.1,17.1,17.1
  Center point: (281.074631,72.607391)
  Normalized center: (0.638806,0.134458)
  Box size ratios (w,h): 0.038907,0.031595
  Box area: 292.1 pixels (0.122930% of image)

================= FRAME 42 ==================
Image dimensions: 440x540
Applied undistortion using maps
Inference time: 154.85 ms
---------------- DETECTION DETAILS ----------------
Total detections: 1
Detection #0 (ball, conf=0.890448):
  Box coords (x,y,w,h): 272.6,64.1,17.1,17.0
  Center point: (281.092682,72.626740)
  Normalized center: (0.638847,0.134494)
  Box size ratios (w,h): 0.038817,0.031484
  Box area: 290.4 pixels (0.122210% of image)

================= FRAME 43 ==================
Image dimensions: 440x540
Applied undistortion using maps
Inference time: 177.20 ms
---------------- DETECTION DETAILS ----------------
Total detections: 1
Detection #0 (ball, conf=0.890773):
  Box coords (x,y,w,h): 272.5,64.0,17.1,17.1
  Center point: (281.052475,72.584167)
  Normalized center: (0.638756,0.134415)
  Box size ratios (w,h): 0.038870,0.031650
  Box area: 292.3 pixels (0.123021% of image)

================= FRAME 44 ==================
Image dimensions: 440x540
Applied undistortion using maps
Inference time: 150.31 ms
---------------- DETECTION DETAILS ----------------
Total detections: 1
Detection #0 (ball, conf=0.889643):
  Box coords (x,y,w,h): 272.6,64.1,17.0,17.0
  Center point: (281.072281,72.614075)
  Normalized center: (0.638801,0.134471)
  Box size ratios (w,h): 0.038723,0.031556
  Box area: 290.3 pixels (0.122195% of image)

================= FRAME 45 ==================
Image dimensions: 440x540
Applied undistortion using maps
Inference time: 183.67 ms
---------------- DETECTION DETAILS ----------------
Total detections: 1
Detection #0 (ball, conf=0.889722):
  Box coords (x,y,w,h): 272.6,64.1,17.1,17.0
  Center point: (281.111450,72.584347)
  Normalized center: (0.638890,0.134415)
  Box size ratios (w,h): 0.038756,0.031491
  Box area: 290.0 pixels (0.122046% of image)

================= FRAME 46 ==================
Image dimensions: 440x540
Applied undistortion using maps
Inference time: 189.90 ms
---------------- DETECTION DETAILS ----------------
Total detections: 1
Detection #0 (ball, conf=0.889708):
  Box coords (x,y,w,h): 272.5,64.1,17.1,17.0
  Center point: (281.079987,72.588818)
  Normalized center: (0.638818,0.134424)
  Box size ratios (w,h): 0.038941,0.031571
  Box area: 292.1 pixels (0.122939% of image)

================= FRAME 47 ==================
Image dimensions: 440x540
Applied undistortion using maps
Inference time: 155.80 ms
---------------- DETECTION DETAILS ----------------
Total detections: 1
Detection #0 (ball, conf=0.888990):
  Box coords (x,y,w,h): 272.6,64.1,17.1,17.0
  Center point: (281.104507,72.584869)
  Normalized center: (0.638874,0.134416)
  Box size ratios (w,h): 0.038791,0.031556
  Box area: 290.8 pixels (0.122409% of image)

================= FRAME 48 ==================
Image dimensions: 440x540
Applied undistortion using maps
Inference time: 163.33 ms
---------------- DETECTION DETAILS ----------------
Total detections: 1
Detection #0 (ball, conf=0.889464):
  Box coords (x,y,w,h): 272.5,64.1,17.0,17.0
  Center point: (281.058350,72.604408)
  Normalized center: (0.638769,0.134453)
  Box size ratios (w,h): 0.038701,0.031448
  Box area: 289.2 pixels (0.121706% of image)

================= FRAME 49 ==================
Image dimensions: 440x540
Applied undistortion using maps
Inference time: 152.56 ms
---------------- DETECTION DETAILS ----------------
Total detections: 1
Detection #0 (ball, conf=0.889046):
  Box coords (x,y,w,h): 272.5,64.1,17.1,17.0
  Center point: (281.081375,72.611286)
  Normalized center: (0.638821,0.134465)
  Box size ratios (w,h): 0.038823,0.031496
  Box area: 290.5 pixels (0.122276% of image)

================= FRAME 50 ==================
Image dimensions: 440x540
Applied undistortion using maps
Inference time: 172.54 ms
---------------- DETECTION DETAILS ----------------
Total detections: 1
Detection #0 (ball, conf=0.889067):
  Box coords (x,y,w,h): 272.5,64.1,17.1,17.0
  Center point: (281.041931,72.626102)
  Normalized center: (0.638732,0.134493)
  Box size ratios (w,h): 0.038792,0.031572
  Box area: 291.0 pixels (0.122474% of image)

================= FRAME 51 ==================
Image dimensions: 440x540
Applied undistortion using maps
Inference time: 222.94 ms
---------------- DETECTION DETAILS ----------------
Total detections: 1
Detection #0 (ball, conf=0.890156):
  Box coords (x,y,w,h): 272.5,64.1,17.1,17.0
  Center point: (281.077255,72.616348)
  Normalized center: (0.638812,0.134475)
  Box size ratios (w,h): 0.038808,0.031559
  Box area: 291.0 pixels (0.122475% of image)

================= FRAME 52 ==================
Image dimensions: 440x540
Applied undistortion using maps
Inference time: 160.16 ms
---------------- DETECTION DETAILS ----------------
Total detections: 1
Detection #0 (ball, conf=0.888257):
  Box coords (x,y,w,h): 272.5,64.1,17.1,17.0
  Center point: (281.070724,72.611588)
  Normalized center: (0.638797,0.134466)
  Box size ratios (w,h): 0.038830,0.031564
  Box area: 291.2 pixels (0.122565% of image)

================= FRAME 53 ==================
Image dimensions: 440x540
Applied undistortion using maps
Inference time: 170.90 ms
---------------- DETECTION DETAILS ----------------
Total detections: 1
Detection #0 (ball, conf=0.889142):
  Box coords (x,y,w,h): 272.5,64.1,17.1,17.1
  Center point: (281.055862,72.645527)
  Normalized center: (0.638763,0.134529)
  Box size ratios (w,h): 0.038910,0.031631
  Box area: 292.4 pixels (0.123075% of image)

================= FRAME 54 ==================
Image dimensions: 440x540
Applied undistortion using maps
Inference time: 141.36 ms
---------------- DETECTION DETAILS ----------------
Total detections: 1
Detection #0 (ball, conf=0.889170):
  Box coords (x,y,w,h): 272.5,64.1,17.0,17.0
  Center point: (281.070145,72.596806)
  Normalized center: (0.638796,0.134439)
  Box size ratios (w,h): 0.038749,0.031439
  Box area: 289.5 pixels (0.121824% of image)

================= FRAME 55 ==================
Image dimensions: 440x540
Applied undistortion using maps
Inference time: 234.32 ms
---------------- DETECTION DETAILS ----------------
Total detections: 1
Detection #0 (ball, conf=0.889219):
  Box coords (x,y,w,h): 272.4,64.1,17.1,17.0
  Center point: (281.000214,72.649925)
  Normalized center: (0.638637,0.134537)
  Box size ratios (w,h): 0.038886,0.031498
  Box area: 291.0 pixels (0.122485% of image)

================= FRAME 56 ==================
Image dimensions: 440x540
Applied undistortion using maps
Inference time: 198.66 ms
---------------- DETECTION DETAILS ----------------
Total detections: 1
Detection #0 (ball, conf=0.890354):
  Box coords (x,y,w,h): 272.5,64.1,17.1,17.1
  Center point: (281.066238,72.639492)
  Normalized center: (0.638787,0.134518)
  Box size ratios (w,h): 0.038946,0.031580
  Box area: 292.2 pixels (0.122992% of image)

================= FRAME 57 ==================
Image dimensions: 440x540
Applied undistortion using maps
Inference time: 173.13 ms
---------------- DETECTION DETAILS ----------------
Total detections: 1
Detection #0 (ball, conf=0.888958):
  Box coords (x,y,w,h): 272.5,64.1,17.1,17.1
  Center point: (281.045029,72.654419)
  Normalized center: (0.638739,0.134545)
  Box size ratios (w,h): 0.038841,0.031590
  Box area: 291.5 pixels (0.122698% of image)

================= FRAME 58 ==================
Image dimensions: 440x540
Applied undistortion using maps
Inference time: 162.82 ms
---------------- DETECTION DETAILS ----------------
Total detections: 1
Detection #0 (ball, conf=0.889783):
  Box coords (x,y,w,h): 272.5,64.1,17.1,17.1
  Center point: (281.082047,72.601612)
  Normalized center: (0.638823,0.134447)
  Box size ratios (w,h): 0.038844,0.031635
  Box area: 292.0 pixels (0.122884% of image)

================= FRAME 59 ==================
Image dimensions: 440x540
Applied undistortion using maps
Inference time: 177.49 ms
---------------- DETECTION DETAILS ----------------
Total detections: 1
Detection #0 (ball, conf=0.889785):
  Box coords (x,y,w,h): 272.5,64.1,17.1,17.0
  Center point: (281.066589,72.611206)
  Normalized center: (0.638788,0.134465)
  Box size ratios (w,h): 0.038788,0.031537
  Box area: 290.6 pixels (0.122325% of image)

================= FRAME 60 ==================
Image dimensions: 440x540
Applied undistortion using maps
Inference time: 195.30 ms
---------------- DETECTION DETAILS ----------------
Total detections: 1
Detection #0 (ball, conf=0.889092):
  Box coords (x,y,w,h): 272.5,64.1,17.1,17.1
  Center point: (281.036652,72.619991)
  Normalized center: (0.638720,0.134481)
  Box size ratios (w,h): 0.038810,0.031583
  Box area: 291.2 pixels (0.122572% of image)

================= FRAME 61 ==================
Image dimensions: 440x540
Applied undistortion using maps
Inference time: 196.22 ms
---------------- DETECTION DETAILS ----------------
Total detections: 1
Detection #0 (ball, conf=0.888502):
  Box coords (x,y,w,h): 272.5,64.1,17.1,17.1
  Center point: (281.037888,72.623024)
  Normalized center: (0.638722,0.134487)
  Box size ratios (w,h): 0.038818,0.031578
  Box area: 291.2 pixels (0.122578% of image)

================= FRAME 62 ==================
Image dimensions: 440x540
Applied undistortion using maps
Inference time: 167.55 ms
---------------- DETECTION DETAILS ----------------
Total detections: 1
Detection #0 (ball, conf=0.889327):
  Box coords (x,y,w,h): 272.5,64.1,17.1,17.0
  Center point: (281.038116,72.644817)
  Normalized center: (0.638723,0.134527)
  Box size ratios (w,h): 0.038779,0.031506
  Box area: 290.3 pixels (0.122179% of image)

================= FRAME 63 ==================
Image dimensions: 440x540
Applied undistortion using maps
Inference time: 170.83 ms
---------------- DETECTION DETAILS ----------------
Total detections: 1
Detection #0 (ball, conf=0.888522):
  Box coords (x,y,w,h): 272.4,64.1,17.2,17.1
  Center point: (281.013504,72.610958)
  Normalized center: (0.638667,0.134465)
  Box size ratios (w,h): 0.039039,0.031703
  Box area: 294.1 pixels (0.123767% of image)

================= FRAME 64 ==================
Image dimensions: 440x540
Applied undistortion using maps
Inference time: 151.27 ms
---------------- DETECTION DETAILS ----------------
Total detections: 1
Detection #0 (ball, conf=0.889074):
  Box coords (x,y,w,h): 272.5,64.2,17.1,17.0
  Center point: (281.040543,72.651733)
  Normalized center: (0.638729,0.134540)
  Box size ratios (w,h): 0.038878,0.031487
  Box area: 290.9 pixels (0.122416% of image)

================= FRAME 65 ==================
Image dimensions: 440x540
Applied undistortion using maps
Inference time: 186.96 ms
---------------- DETECTION DETAILS ----------------
Total detections: 1
Detection #0 (ball, conf=0.891143):
  Box coords (x,y,w,h): 272.5,64.1,17.1,17.1
  Center point: (281.041824,72.613018)
  Normalized center: (0.638731,0.134469)
  Box size ratios (w,h): 0.038858,0.031585
  Box area: 291.6 pixels (0.122733% of image)

================= FRAME 66 ==================
Image dimensions: 440x540
Applied undistortion using maps
Inference time: 178.71 ms
---------------- DETECTION DETAILS ----------------
Total detections: 1
Detection #0 (ball, conf=0.889654):
  Box coords (x,y,w,h): 272.5,64.1,17.1,17.1
  Center point: (281.041092,72.622124)
  Normalized center: (0.638730,0.134485)
  Box size ratios (w,h): 0.038893,0.031595
  Box area: 292.0 pixels (0.122883% of image)

================= FRAME 67 ==================
Image dimensions: 440x540
Applied undistortion using maps
Inference time: 452.88 ms
---------------- DETECTION DETAILS ----------------
Total detections: 1
Detection #0 (ball, conf=0.889770):
  Box coords (x,y,w,h): 272.5,64.1,17.0,17.0
  Center point: (281.060715,72.612095)
  Normalized center: (0.638774,0.134467)
  Box size ratios (w,h): 0.038688,0.031483
  Box area: 289.4 pixels (0.121803% of image)

================= FRAME 68 ==================
Image dimensions: 440x540
Applied undistortion using maps
Inference time: 251.17 ms
---------------- DETECTION DETAILS ----------------
Total detections: 1
Detection #0 (ball, conf=0.891447):
  Box coords (x,y,w,h): 272.5,64.1,17.1,17.1
  Center point: (281.015610,72.616154)
  Normalized center: (0.638672,0.134474)
  Box size ratios (w,h): 0.038892,0.031578
  Box area: 291.8 pixels (0.122814% of image)

================= FRAME 69 ==================
Image dimensions: 440x540
Applied undistortion using maps
Inference time: 178.71 ms
---------------- DETECTION DETAILS ----------------
Total detections: 1
Detection #0 (ball, conf=0.889239):
  Box coords (x,y,w,h): 272.5,64.1,17.1,17.0
  Center point: (281.035278,72.664917)
  Normalized center: (0.638717,0.134565)
  Box size ratios (w,h): 0.038891,0.031547
  Box area: 291.5 pixels (0.122687% of image)

================= FRAME 70 ==================
Image dimensions: 440x540
Applied undistortion using maps
Inference time: 172.95 ms
---------------- DETECTION DETAILS ----------------
Total detections: 1
Detection #0 (ball, conf=0.889548):
  Box coords (x,y,w,h): 272.5,64.2,17.1,17.0
  Center point: (281.024109,72.668179)
  Normalized center: (0.638691,0.134571)
  Box size ratios (w,h): 0.038933,0.031515
  Box area: 291.5 pixels (0.122699% of image)

================= FRAME 71 ==================
Image dimensions: 440x540
Applied undistortion using maps
Inference time: 182.08 ms
---------------- DETECTION DETAILS ----------------
Total detections: 1
Detection #0 (ball, conf=0.890716):
  Box coords (x,y,w,h): 272.5,64.1,17.0,17.0
  Center point: (281.021179,72.644394)
  Normalized center: (0.638684,0.134527)
  Box size ratios (w,h): 0.038704,0.031496
  Box area: 289.6 pixels (0.121905% of image)

================= FRAME 72 ==================
Image dimensions: 440x540
Applied undistortion using maps
Inference time: 167.54 ms
---------------- DETECTION DETAILS ----------------
Total detections: 1
Detection #0 (ball, conf=0.888114):
  Box coords (x,y,w,h): 272.5,64.1,17.1,17.1
  Center point: (281.000473,72.640404)
  Normalized center: (0.638637,0.134519)
  Box size ratios (w,h): 0.038812,0.031607
  Box area: 291.5 pixels (0.122672% of image)

================= FRAME 73 ==================
Image dimensions: 440x540
Applied undistortion using maps
Inference time: 168.47 ms
---------------- DETECTION DETAILS ----------------
Total detections: 1
Detection #0 (ball, conf=0.890619):
  Box coords (x,y,w,h): 272.5,64.1,17.1,17.1
  Center point: (281.030396,72.638561)
  Normalized center: (0.638705,0.134516)
  Box size ratios (w,h): 0.038935,0.031596
  Box area: 292.3 pixels (0.123019% of image)

================= FRAME 74 ==================
Image dimensions: 440x540
Applied undistortion using maps
Inference time: 173.14 ms
---------------- DETECTION DETAILS ----------------
Total detections: 1
Detection #0 (ball, conf=0.890574):
  Box coords (x,y,w,h): 272.5,64.1,17.1,17.1
  Center point: (281.089951,72.583549)
  Normalized center: (0.638841,0.134414)
  Box size ratios (w,h): 0.038841,0.031582
  Box area: 291.5 pixels (0.122666% of image)

================= FRAME 75 ==================
Image dimensions: 440x540
Applied undistortion using maps
Inference time: 145.90 ms
---------------- DETECTION DETAILS ----------------
Total detections: 1
Detection #0 (ball, conf=0.889042):
  Box coords (x,y,w,h): 272.5,64.1,17.1,17.0
  Center point: (281.041931,72.620415)
  Normalized center: (0.638732,0.134482)
  Box size ratios (w,h): 0.038882,0.031566
  Box area: 291.6 pixels (0.122737% of image)

================= FRAME 76 ==================
Image dimensions: 440x540
Applied undistortion using maps
Inference time: 156.34 ms
---------------- DETECTION DETAILS ----------------
Total detections: 1
Detection #0 (ball, conf=0.888813):
  Box coords (x,y,w,h): 272.5,64.1,17.1,17.1
  Center point: (281.075729,72.658192)
  Normalized center: (0.638808,0.134552)
  Box size ratios (w,h): 0.038910,0.031604
  Box area: 292.2 pixels (0.122971% of image)

================= FRAME 77 ==================
Image dimensions: 440x540
Applied undistortion using maps
Inference time: 159.61 ms
---------------- DETECTION DETAILS ----------------
Total detections: 1
Detection #0 (ball, conf=0.889706):
  Box coords (x,y,w,h): 272.5,64.1,17.1,17.0
  Center point: (281.000473,72.637417)
  Normalized center: (0.638637,0.134514)
  Box size ratios (w,h): 0.038809,0.031472
  Box area: 290.2 pixels (0.122137% of image)

================= FRAME 78 ==================
Image dimensions: 440x540
Applied undistortion using maps
Inference time: 162.93 ms
---------------- DETECTION DETAILS ----------------
Total detections: 1
Detection #0 (ball, conf=0.889691):
  Box coords (x,y,w,h): 272.5,64.2,17.1,17.0
  Center point: (281.050995,72.697678)
  Normalized center: (0.638752,0.134625)
  Box size ratios (w,h): 0.038754,0.031564
  Box area: 290.6 pixels (0.122325% of image)

================= FRAME 79 ==================
Image dimensions: 440x540
Applied undistortion using maps
Inference time: 251.60 ms
---------------- DETECTION DETAILS ----------------
Total detections: 1
Detection #0 (ball, conf=0.890667):
  Box coords (x,y,w,h): 272.5,64.1,17.1,17.0
  Center point: (281.048080,72.669460)
  Normalized center: (0.638746,0.134573)
  Box size ratios (w,h): 0.038959,0.031564
  Box area: 292.2 pixels (0.122972% of image)

================= FRAME 80 ==================
Image dimensions: 440x540
Applied undistortion using maps
Inference time: 168.03 ms
---------------- DETECTION DETAILS ----------------
Total detections: 1
Detection #0 (ball, conf=0.889727):
  Box coords (x,y,w,h): 272.5,64.1,17.1,17.0
  Center point: (281.027832,72.662144)
  Normalized center: (0.638700,0.134560)
  Box size ratios (w,h): 0.038892,0.031553
  Box area: 291.6 pixels (0.122717% of image)

================= FRAME 81 ==================
Image dimensions: 440x540
Applied undistortion using maps
Inference time: 164.42 ms
---------------- DETECTION DETAILS ----------------
Total detections: 1
Detection #0 (ball, conf=0.889418):
  Box coords (x,y,w,h): 272.5,64.1,17.1,17.0
  Center point: (281.053406,72.603672)
  Normalized center: (0.638758,0.134451)
  Box size ratios (w,h): 0.038883,0.031571
  Box area: 291.7 pixels (0.122760% of image)

================= FRAME 82 ==================
Image dimensions: 440x540
Applied undistortion using maps
Inference time: 164.94 ms
---------------- DETECTION DETAILS ----------------
Total detections: 1
Detection #0 (ball, conf=0.888731):
  Box coords (x,y,w,h): 272.5,64.2,17.1,17.0
  Center point: (281.031296,72.665394)
  Normalized center: (0.638707,0.134566)
  Box size ratios (w,h): 0.038847,0.031497
  Box area: 290.7 pixels (0.122355% of image)

================= FRAME 83 ==================
Image dimensions: 440x540
Applied undistortion using maps
Inference time: 173.60 ms
---------------- DETECTION DETAILS ----------------
Total detections: 1
Detection #0 (ball, conf=0.889232):
  Box coords (x,y,w,h): 272.5,64.1,17.1,17.0
  Center point: (281.060013,72.621696)
  Normalized center: (0.638773,0.134485)
  Box size ratios (w,h): 0.038838,0.031554
  Box area: 291.2 pixels (0.122549% of image)

================= FRAME 84 ==================
Image dimensions: 440x540
Applied undistortion using maps
Inference time: 195.11 ms
---------------- DETECTION DETAILS ----------------
Total detections: 1
Detection #0 (ball, conf=0.889753):
  Box coords (x,y,w,h): 272.5,64.1,17.1,17.1
  Center point: (281.024826,72.591290)
  Normalized center: (0.638693,0.134428)
  Box size ratios (w,h): 0.038906,0.031578
  Box area: 291.9 pixels (0.122860% of image)

================= FRAME 85 ==================
Image dimensions: 440x540
Applied undistortion using maps
Inference time: 166.20 ms
---------------- DETECTION DETAILS ----------------
Total detections: 1
Detection #0 (ball, conf=0.889277):
  Box coords (x,y,w,h): 272.5,64.2,17.1,17.0
  Center point: (281.061493,72.656666)
  Normalized center: (0.638776,0.134549)
  Box size ratios (w,h): 0.038789,0.031468
  Box area: 290.0 pixels (0.122062% of image)

================= FRAME 86 ==================
Image dimensions: 440x540
Applied undistortion using maps
Inference time: 171.96 ms
---------------- DETECTION DETAILS ----------------
Total detections: 1
Detection #0 (ball, conf=0.889386):
  Box coords (x,y,w,h): 272.4,64.1,17.1,17.0
  Center point: (280.979568,72.644062)
  Normalized center: (0.638590,0.134526)
  Box size ratios (w,h): 0.038813,0.031522
  Box area: 290.7 pixels (0.122347% of image)

================= FRAME 87 ==================
Image dimensions: 440x540
Applied undistortion using maps
Inference time: 155.20 ms
---------------- DETECTION DETAILS ----------------
Total detections: 1
Detection #0 (ball, conf=0.889067):
  Box coords (x,y,w,h): 272.5,64.2,17.1,17.1
  Center point: (281.023895,72.698833)
  Normalized center: (0.638691,0.134627)
  Box size ratios (w,h): 0.038953,0.031626
  Box area: 292.7 pixels (0.123192% of image)

================= FRAME 88 ==================
Image dimensions: 440x540
Applied undistortion using maps
Inference time: 199.18 ms
---------------- DETECTION DETAILS ----------------
Total detections: 1
Detection #0 (ball, conf=0.889085):
  Box coords (x,y,w,h): 272.5,64.1,17.1,17.1
  Center point: (281.029877,72.652588)
  Normalized center: (0.638704,0.134542)
  Box size ratios (w,h): 0.038883,0.031582
  Box area: 291.8 pixels (0.122799% of image)

================= FRAME 89 ==================
Image dimensions: 440x540
Applied undistortion using maps
Inference time: 160.68 ms
---------------- DETECTION DETAILS ----------------
Total detections: 1
Detection #0 (ball, conf=0.890323):
  Box coords (x,y,w,h): 272.5,64.1,17.1,17.0
  Center point: (281.029755,72.635216)
  Normalized center: (0.638704,0.134510)
  Box size ratios (w,h): 0.038833,0.031567
  Box area: 291.3 pixels (0.122585% of image)

================= FRAME 90 ==================
Image dimensions: 440x540
Applied undistortion using maps
Inference time: 185.05 ms
---------------- DETECTION DETAILS ----------------
Total detections: 1
Detection #0 (ball, conf=0.887887):
  Box coords (x,y,w,h): 272.5,64.1,17.1,17.0
  Center point: (281.039978,72.653774)
  Normalized center: (0.638727,0.134544)
  Box size ratios (w,h): 0.038827,0.031508
  Box area: 290.7 pixels (0.122335% of image)

================= FRAME 91 ==================
Image dimensions: 440x540
Applied undistortion using maps
Inference time: 174.22 ms
---------------- DETECTION DETAILS ----------------
Total detections: 1
Detection #0 (ball, conf=0.888125):
  Box coords (x,y,w,h): 272.5,64.2,17.1,17.0
  Center point: (281.039764,72.656715)
  Normalized center: (0.638727,0.134549)
  Box size ratios (w,h): 0.038772,0.031456
  Box area: 289.8 pixels (0.121959% of image)

================= FRAME 92 ==================
Image dimensions: 440x540
Applied undistortion using maps
Inference time: 179.41 ms
---------------- DETECTION DETAILS ----------------
Total detections: 1
Detection #0 (ball, conf=0.890242):
  Box coords (x,y,w,h): 272.5,64.2,17.1,17.0
  Center point: (281.082840,72.697445)
  Normalized center: (0.638825,0.134625)
  Box size ratios (w,h): 0.038940,0.031558
  Box area: 292.0 pixels (0.122887% of image)

================= FRAME 93 ==================
Image dimensions: 440x540
Applied undistortion using maps
Inference time: 167.17 ms
---------------- DETECTION DETAILS ----------------
Total detections: 1
Detection #0 (ball, conf=0.890590):
  Box coords (x,y,w,h): 272.5,64.2,17.1,17.0
  Center point: (281.041931,72.689964)
  Normalized center: (0.638732,0.134611)
  Box size ratios (w,h): 0.038827,0.031467
  Box area: 290.3 pixels (0.122174% of image)

================= FRAME 94 ==================
Image dimensions: 440x540
Applied undistortion using maps
Inference time: 180.91 ms
---------------- DETECTION DETAILS ----------------
Total detections: 1
Detection #0 (ball, conf=0.890451):
  Box coords (x,y,w,h): 272.5,64.2,17.2,17.1
  Center point: (281.037857,72.718998)
  Normalized center: (0.638722,0.134665)
  Box size ratios (w,h): 0.039003,0.031597
  Box area: 292.8 pixels (0.123235% of image)

================= FRAME 95 ==================
Image dimensions: 440x540
Applied undistortion using maps
Inference time: 174.59 ms
---------------- DETECTION DETAILS ----------------
Total detections: 1
Detection #0 (ball, conf=0.889383):
  Box coords (x,y,w,h): 272.5,64.2,17.1,17.0
  Center point: (281.044632,72.687561)
  Normalized center: (0.638738,0.134607)
  Box size ratios (w,h): 0.038771,0.031457
  Box area: 289.8 pixels (0.121961% of image)

================= FRAME 96 ==================
Image dimensions: 440x540
Applied undistortion using maps
Inference time: 170.88 ms
---------------- DETECTION DETAILS ----------------
Total detections: 1
Detection #0 (ball, conf=0.890570):
  Box coords (x,y,w,h): 272.5,64.2,17.1,17.0
  Center point: (280.984604,72.681347)
  Normalized center: (0.638601,0.134595)
  Box size ratios (w,h): 0.038761,0.031550
  Box area: 290.6 pixels (0.122289% of image)

================= FRAME 97 ==================
Image dimensions: 440x540
Applied undistortion using maps
Inference time: 170.61 ms
---------------- DETECTION DETAILS ----------------
Total detections: 1
Detection #0 (ball, conf=0.889900):
  Box coords (x,y,w,h): 272.5,64.2,17.1,17.0
  Center point: (281.068115,72.674149)
  Normalized center: (0.638791,0.134582)
  Box size ratios (w,h): 0.038852,0.031449
  Box area: 290.3 pixels (0.122186% of image)

================= FRAME 98 ==================
Image dimensions: 440x540
Applied undistortion using maps
Inference time: 174.01 ms
---------------- DETECTION DETAILS ----------------
Total detections: 1
Detection #0 (ball, conf=0.889058):
  Box coords (x,y,w,h): 272.5,64.1,17.1,17.1
  Center point: (281.057846,72.686199)
  Normalized center: (0.638768,0.134604)
  Box size ratios (w,h): 0.038898,0.031632
  Box area: 292.4 pixels (0.123043% of image)

================= FRAME 99 ==================
Image dimensions: 440x540
Applied undistortion using maps
Inference time: 178.82 ms
---------------- DETECTION DETAILS ----------------
Total detections: 1
Detection #0 (ball, conf=0.889396):
  Box coords (x,y,w,h): 272.5,64.2,17.1,17.0
  Center point: (281.053696,72.666531)
  Normalized center: (0.638758,0.134568)
  Box size ratios (w,h): 0.038785,0.031482
  Box area: 290.1 pixels (0.122102% of image)

================= FRAME 100 ==================
Image dimensions: 440x540
Applied undistortion using maps
Inference time: 179.95 ms
---------------- DETECTION DETAILS ----------------
Total detections: 1
Detection #0 (ball, conf=0.887990):
  Box coords (x,y,w,h): 272.5,64.2,17.1,17.0
  Center point: (281.071106,72.724201)
  Normalized center: (0.638798,0.134674)
  Box size ratios (w,h): 0.038785,0.031523
  Box area: 290.5 pixels (0.122262% of image)

================= FRAME 101 ==================
Image dimensions: 440x540
Applied undistortion using maps
Inference time: 168.03 ms
---------------- DETECTION DETAILS ----------------
Total detections: 1
Detection #0 (ball, conf=0.889432):
  Box coords (x,y,w,h): 272.5,64.2,17.1,17.0
  Center point: (281.016586,72.681938)
  Normalized center: (0.638674,0.134596)
  Box size ratios (w,h): 0.038875,0.031559
  Box area: 291.5 pixels (0.122685% of image)

================= FRAME 102 ==================
Image dimensions: 440x540
Applied undistortion using maps
Inference time: 166.19 ms
---------------- DETECTION DETAILS ----------------
Total detections: 1
Detection #0 (ball, conf=0.889392):
  Box coords (x,y,w,h): 272.5,64.2,17.1,17.1
  Center point: (281.085144,72.717083)
  Normalized center: (0.638830,0.134661)
  Box size ratios (w,h): 0.038812,0.031574
  Box area: 291.2 pixels (0.122545% of image)

================= FRAME 103 ==================
Image dimensions: 440x540
Applied undistortion using maps
Inference time: 174.87 ms
---------------- DETECTION DETAILS ----------------
Total detections: 1
Detection #0 (ball, conf=0.888478):
  Box coords (x,y,w,h): 272.5,64.2,17.1,17.0
  Center point: (281.061371,72.717056)
  Normalized center: (0.638776,0.134661)
  Box size ratios (w,h): 0.038877,0.031563
  Box area: 291.6 pixels (0.122708% of image)

================= FRAME 104 ==================
Image dimensions: 440x540
Applied undistortion using maps
Inference time: 252.60 ms
---------------- DETECTION DETAILS ----------------
Total detections: 1
Detection #0 (ball, conf=0.888546):
  Box coords (x,y,w,h): 272.5,64.2,17.1,17.0
  Center point: (281.059738,72.707596)
  Normalized center: (0.638772,0.134644)
  Box size ratios (w,h): 0.038779,0.031478
  Box area: 290.0 pixels (0.122069% of image)

================= FRAME 105 ==================
Image dimensions: 440x540
Applied undistortion using maps
Inference time: 155.16 ms
---------------- DETECTION DETAILS ----------------
Total detections: 1
Detection #0 (ball, conf=0.887982):
  Box coords (x,y,w,h): 272.5,64.2,17.0,17.0
  Center point: (281.040329,72.680161)
  Normalized center: (0.638728,0.134593)
  Box size ratios (w,h): 0.038728,0.031505
  Box area: 289.9 pixels (0.122013% of image)

================= FRAME 106 ==================
Image dimensions: 440x540
Applied undistortion using maps
Inference time: 166.08 ms
---------------- DETECTION DETAILS ----------------
Total detections: 1
Detection #0 (ball, conf=0.888953):
  Box coords (x,y,w,h): 272.4,64.1,17.2,17.1
  Center point: (281.039764,72.680573)
  Normalized center: (0.638727,0.134594)
  Box size ratios (w,h): 0.039090,0.031703
  Box area: 294.5 pixels (0.123929% of image)

================= FRAME 107 ==================
Image dimensions: 440x540
Applied undistortion using maps
Inference time: 163.60 ms
---------------- DETECTION DETAILS ----------------
Total detections: 1
Detection #0 (ball, conf=0.889048):
  Box coords (x,y,w,h): 272.5,64.2,17.0,17.0
  Center point: (281.055420,72.686069)
  Normalized center: (0.638762,0.134604)
  Box size ratios (w,h): 0.038727,0.031512
  Box area: 290.0 pixels (0.122037% of image)

================= FRAME 108 ==================
Image dimensions: 440x540
Applied undistortion using maps
Inference time: 164.44 ms
---------------- DETECTION DETAILS ----------------
Total detections: 1
Detection #0 (ball, conf=0.888636):
  Box coords (x,y,w,h): 272.5,64.2,17.1,17.1
  Center point: (281.076080,72.706680)
  Normalized center: (0.638809,0.134642)
  Box size ratios (w,h): 0.038814,0.031585
  Box area: 291.3 pixels (0.122594% of image)

================= FRAME 109 ==================
Image dimensions: 440x540
Applied undistortion using maps
Inference time: 220.19 ms
---------------- DETECTION DETAILS ----------------
Total detections: 1
Detection #0 (ball, conf=0.888373):
  Box coords (x,y,w,h): 272.6,64.2,17.1,17.0
  Center point: (281.086258,72.717548)
  Normalized center: (0.638832,0.134662)
  Box size ratios (w,h): 0.038774,0.031527
  Box area: 290.5 pixels (0.122245% of image)

================= FRAME 110 ==================
Image dimensions: 440x540
Applied undistortion using maps
Inference time: 181.09 ms
---------------- DETECTION DETAILS ----------------
Total detections: 1
Detection #0 (ball, conf=0.889465):
  Box coords (x,y,w,h): 272.5,64.2,17.2,17.0
  Center point: (281.052750,72.692322)
  Normalized center: (0.638756,0.134615)
  Box size ratios (w,h): 0.038980,0.031556
  Box area: 292.3 pixels (0.123003% of image)

================= FRAME 111 ==================
Image dimensions: 440x540
Applied undistortion using maps
Inference time: 155.05 ms
---------------- DETECTION DETAILS ----------------
Total detections: 1
Detection #0 (ball, conf=0.889627):
  Box coords (x,y,w,h): 272.5,64.2,17.1,17.0
  Center point: (281.023544,72.728336)
  Normalized center: (0.638690,0.134682)
  Box size ratios (w,h): 0.038863,0.031481
  Box area: 290.7 pixels (0.122346% of image)

================= FRAME 112 ==================
Image dimensions: 440x540
Applied undistortion using maps
Inference time: 175.99 ms
---------------- DETECTION DETAILS ----------------
Total detections: 1
Detection #0 (ball, conf=0.889112):
  Box coords (x,y,w,h): 272.6,64.2,17.1,17.0
  Center point: (281.079041,72.702847)
  Normalized center: (0.638816,0.134635)
  Box size ratios (w,h): 0.038768,0.031490
  Box area: 290.1 pixels (0.122082% of image)

================= FRAME 113 ==================
Image dimensions: 440x540
Applied undistortion using maps
Inference time: 178.99 ms
---------------- DETECTION DETAILS ----------------
Total detections: 1
Detection #0 (ball, conf=0.889728):
  Box coords (x,y,w,h): 272.5,64.1,17.1,17.0
  Center point: (281.046143,72.646568)
  Normalized center: (0.638741,0.134531)
  Box size ratios (w,h): 0.038787,0.031503
  Box area: 290.3 pixels (0.122191% of image)

================= FRAME 114 ==================
Image dimensions: 440x540
Applied undistortion using maps
Inference time: 189.03 ms
---------------- DETECTION DETAILS ----------------
Total detections: 1
Detection #0 (ball, conf=0.888251):
  Box coords (x,y,w,h): 272.5,64.2,17.1,17.1
  Center point: (281.026321,72.686974)
  Normalized center: (0.638696,0.134606)
  Box size ratios (w,h): 0.038921,0.031577
  Box area: 292.0 pixels (0.122901% of image)

================= FRAME 115 ==================
Image dimensions: 440x540
Applied undistortion using maps
Inference time: 150.03 ms
---------------- DETECTION DETAILS ----------------
Total detections: 2
Detection #0 (ball, conf=0.891399):
  Box coords (x,y,w,h): 272.4,64.2,17.3,17.1
  Center point: (281.090515,72.739655)
  Normalized center: (0.638842,0.134703)
  Box size ratios (w,h): 0.039364,0.031669
  Box area: 296.2 pixels (0.124662% of image)
Detection #1 (club, conf=0.874089):
  Box coords (x,y,w,h): 266.6,6.1,32.1,32.3
  Center point: (282.604752,22.219620)
  Normalized center: (0.642284,0.041147)
  Box size ratios (w,h): 0.072945,0.059786
  Box area: 1036.2 pixels (0.436104% of image)

================= FRAME 116 ==================
Image dimensions: 440x540
Applied undistortion using maps
Inference time: 197.66 ms
---------------- DETECTION DETAILS ----------------
Total detections: 2
Detection #0 (ball, conf=0.876691):
  Box coords (x,y,w,h): 272.6,65.1,17.0,16.3
  Center point: (281.104492,73.273830)
  Normalized center: (0.638874,0.135692)
  Box size ratios (w,h): 0.038553,0.030149
  Box area: 276.2 pixels (0.116235% of image)
Detection #1 (club, conf=0.849715):
  Box coords (x,y,w,h): 267.5,45.8,33.7,31.1
  Center point: (284.336838,61.304394)
  Normalized center: (0.646220,0.113527)
  Box size ratios (w,h): 0.076642,0.057576
  Box area: 1048.5 pixels (0.441277% of image)

================= FRAME 117 ==================
Image dimensions: 440x540
Applied undistortion using maps
Inference time: 213.94 ms
---------------- DETECTION DETAILS ----------------
Total detections: 2
Detection #0 (ball, conf=0.876316):
  Box coords (x,y,w,h): 271.2,72.3,17.1,16.6
  Center point: (279.778198,80.646542)
  Normalized center: (0.635860,0.149345)
  Box size ratios (w,h): 0.038827,0.030735
  Box area: 283.5 pixels (0.119333% of image)
Detection #1 (club, conf=0.832606):
  Box coords (x,y,w,h): 269.7,78.0,34.5,32.5
  Center point: (286.954193,94.212433)
  Normalized center: (0.652169,0.174467)
  Box size ratios (w,h): 0.078379,0.060166
  Box area: 1120.5 pixels (0.471574% of image)

================= FRAME 118 ==================
Image dimensions: 440x540
Applied undistortion using maps
Inference time: 171.83 ms
---------------- DETECTION DETAILS ----------------
Total detections: 2
Detection #0 (ball, conf=0.881107):
  Box coords (x,y,w,h): 268.3,84.5,17.7,17.7
  Center point: (277.165695,93.369507)
  Normalized center: (0.629922,0.172906)
  Box size ratios (w,h): 0.040275,0.032692
  Box area: 312.8 pixels (0.131665% of image)
Detection #1 (club, conf=0.874712):
  Box coords (x,y,w,h): 274.7,106.3,33.9,32.8
  Center point: (291.654602,122.755169)
  Normalized center: (0.662851,0.227324)
  Box size ratios (w,h): 0.076986,0.060826
  Box area: 1112.6 pixels (0.468275% of image)

================= FRAME 119 ==================
Image dimensions: 440x540
Applied undistortion using maps
Inference time: 189.44 ms
---------------- DETECTION DETAILS ----------------
Total detections: 2
Detection #0 (ball, conf=0.892102):
  Box coords (x,y,w,h): 265.4,97.4,18.4,18.1
  Center point: (274.591141,106.482315)
  Normalized center: (0.624071,0.197189)
  Box size ratios (w,h): 0.041721,0.033543
  Box area: 332.5 pixels (0.139944% of image)
Detection #1 (club, conf=0.874752):
  Box coords (x,y,w,h): 279.2,134.6,34.7,32.2
  Center point: (296.490417,150.707710)
  Normalized center: (0.673842,0.279088)
  Box size ratios (w,h): 0.078801,0.059667
  Box area: 1117.2 pixels (0.470186% of image)

================= FRAME 120 ==================
Image dimensions: 440x540
Applied undistortion using maps
Inference time: 255.76 ms
---------------- DETECTION DETAILS ----------------
Total detections: 2
Detection #0 (club, conf=0.888151):
  Box coords (x,y,w,h): 284.2,164.4,35.8,30.4
  Center point: (302.105606,179.645287)
  Normalized center: (0.686604,0.332676)
  Box size ratios (w,h): 0.081396,0.056283
  Box area: 1088.5 pixels (0.458121% of image)
Detection #1 (ball, conf=0.885336):
  Box coords (x,y,w,h): 262.5,110.7,18.9,18.7
  Center point: (271.966125,120.022255)
  Normalized center: (0.618105,0.222263)
  Box size ratios (w,h): 0.043057,0.034649
  Box area: 354.5 pixels (0.149188% of image)

================= FRAME 121 ==================
Image dimensions: 440x540
Applied undistortion using maps
Inference time: 174.40 ms
---------------- DETECTION DETAILS ----------------
Total detections: 2
Detection #0 (ball, conf=0.899404):
  Box coords (x,y,w,h): 259.2,124.6,19.6,19.3
  Center point: (268.984787,134.272739)
  Normalized center: (0.611329,0.248653)
  Box size ratios (w,h): 0.044436,0.035817
  Box area: 378.2 pixels (0.159158% of image)
Detection #1 (club, conf=0.882708):
  Box coords (x,y,w,h): 291.1,194.6,36.1,28.2
  Center point: (309.143860,208.655052)
  Normalized center: (0.702600,0.386398)
  Box size ratios (w,h): 0.081971,0.052158
  Box area: 1015.9 pixels (0.427548% of image)

================= FRAME 122 ==================
Image dimensions: 440x540
Applied undistortion using maps
Inference time: 165.52 ms
---------------- DETECTION DETAILS ----------------
Total detections: 2
Detection #0 (ball, conf=0.892512):
  Box coords (x,y,w,h): 256.0,139.6,20.2,19.5
  Center point: (266.068352,149.300621)
  Normalized center: (0.604701,0.276483)
  Box size ratios (w,h): 0.045916,0.036055
  Box area: 393.3 pixels (0.165551% of image)
Detection #1 (club, conf=0.882888):
  Box coords (x,y,w,h): 299.4,224.1,36.3,27.1
  Center point: (317.589890,237.675835)
  Normalized center: (0.721795,0.440140)
  Box size ratios (w,h): 0.082529,0.050159
  Box area: 983.6 pixels (0.413960% of image)

================= FRAME 123 ==================
Image dimensions: 440x540
Applied undistortion using maps
Inference time: 556.26 ms
---------------- DETECTION DETAILS ----------------
Total detections: 2
Detection #0 (ball, conf=0.884564):
  Box coords (x,y,w,h): 252.4,155.0,20.7,20.1
  Center point: (262.765816,165.027412)
  Normalized center: (0.597195,0.305606)
  Box size ratios (w,h): 0.047084,0.037234
  Box area: 416.5 pixels (0.175312% of image)
Detection #1 (club, conf=0.866957):
  Box coords (x,y,w,h): 309.3,251.3,37.7,27.7
  Center point: (328.091980,265.193497)
  Normalized center: (0.745664,0.491099)
  Box size ratios (w,h): 0.085602,0.051314
  Box area: 1043.7 pixels (0.439262% of image)

================= FRAME 124 ==================
Image dimensions: 440x540
Applied undistortion using maps
Inference time: 190.87 ms
---------------- DETECTION DETAILS ----------------
Total detections: 2
Detection #0 (ball, conf=0.896168):
  Box coords (x,y,w,h): 248.7,171.2,21.4,20.7
  Center point: (259.436806,181.518150)
  Normalized center: (0.589629,0.336145)
  Box size ratios (w,h): 0.048637,0.038333
  Box area: 443.0 pixels (0.186438% of image)
Detection #1 (club, conf=0.847346):
  Box coords (x,y,w,h): 320.2,277.6,38.7,28.3
  Center point: (339.571442,291.728119)
  Normalized center: (0.771753,0.540237)
  Box size ratios (w,h): 0.087917,0.052383
  Box area: 1094.2 pixels (0.460540% of image)

================= FRAME 125 ==================
Image dimensions: 440x540
Applied undistortion using maps
Inference time: 171.90 ms
---------------- DETECTION DETAILS ----------------
Total detections: 2
Detection #0 (ball, conf=0.893489):
  Box coords (x,y,w,h): 244.8,188.2,22.1,21.4
  Center point: (255.856346,198.923798)
  Normalized center: (0.581492,0.368377)
  Box size ratios (w,h): 0.050256,0.039573
  Box area: 472.5 pixels (0.198878% of image)
Detection #1 (club, conf=0.855439):
  Box coords (x,y,w,h): 333.4,302.6,38.8,28.5
  Center point: (352.848709,316.893265)
  Normalized center: (0.801929,0.586839)
  Box size ratios (w,h): 0.088185,0.052766
  Box area: 1105.6 pixels (0.465322% of image)

================= FRAME 126 ==================
Image dimensions: 440x540
Applied undistortion using maps
Inference time: 238.87 ms
---------------- DETECTION DETAILS ----------------
Total detections: 2
Detection #0 (ball, conf=0.891179):
  Box coords (x,y,w,h): 240.9,206.5,22.4,21.9
  Center point: (252.078499,217.431450)
  Normalized center: (0.572906,0.402651)
  Box size ratios (w,h): 0.050985,0.040496
  Box area: 490.6 pixels (0.206469% of image)
Detection #1 (club, conf=0.876112):
  Box coords (x,y,w,h): 348.1,326.2,39.9,30.2
  Center point: (368.073486,341.294769)
  Normalized center: (0.836531,0.632027)
  Box size ratios (w,h): 0.090727,0.055886
  Box area: 1204.7 pixels (0.507034% of image)

================= FRAME 127 ==================
Image dimensions: 440x540
Applied undistortion using maps
Inference time: 178.36 ms
---------------- DETECTION DETAILS ----------------
Total detections: 2
Detection #0 (ball, conf=0.897800):
  Box coords (x,y,w,h): 236.4,225.5,23.2,22.4
  Center point: (248.007080,236.700821)
  Normalized center: (0.563652,0.438335)
  Box size ratios (w,h): 0.052678,0.041496
  Box area: 519.4 pixels (0.218595% of image)
Detection #1 (club, conf=0.873498):
  Box coords (x,y,w,h): 365.0,350.5,39.6,30.3
  Center point: (384.806793,365.650467)
  Normalized center: (0.874561,0.677130)
  Box size ratios (w,h): 0.089922,0.056169
  Box area: 1200.1 pixels (0.505082% of image)

================= FRAME 128 ==================
Image dimensions: 440x540
Applied undistortion using maps
Inference time: 151.15 ms
---------------- DETECTION DETAILS ----------------
Total detections: 2
Detection #0 (ball, conf=0.895810):
  Box coords (x,y,w,h): 231.8,245.9,23.7,23.2
  Center point: (243.620758,257.429985)
  Normalized center: (0.553684,0.476722)
  Box size ratios (w,h): 0.053910,0.042876
  Box area: 549.2 pixels (0.231143% of image)
Detection #1 (club, conf=0.875972):
  Box coords (x,y,w,h): 383.1,372.7,40.5,32.6
  Center point: (403.321976,389.016388)
  Normalized center: (0.916641,0.720401)
  Box size ratios (w,h): 0.091939,0.060457
  Box area: 1320.7 pixels (0.555837% of image)

================= FRAME 129 ==================
Image dimensions: 440x540
Applied undistortion using maps
Inference time: 167.41 ms
---------------- DETECTION DETAILS ----------------
Total detections: 2
Detection #0 (ball, conf=0.895765):
  Box coords (x,y,w,h): 226.9,267.1,24.4,24.0
  Center point: (239.083931,279.134430)
  Normalized center: (0.543373,0.516916)
  Box size ratios (w,h): 0.055372,0.044470
  Box area: 585.1 pixels (0.246237% of image)
Detection #1 (club, conf=0.823164):
  Box coords (x,y,w,h): 403.1,394.4,36.2,32.8
  Center point: (421.214722,410.831467)
  Normalized center: (0.957306,0.760799)
  Box size ratios (w,h): 0.082386,0.060768
  Box area: 1189.5 pixels (0.500646% of image)

================= FRAME 130 ==================
Image dimensions: 440x540
Applied undistortion using maps
Inference time: 173.92 ms
---------------- DETECTION DETAILS ----------------
Total detections: 1
Detection #0 (ball, conf=0.898825):
  Box coords (x,y,w,h): 221.2,290.0,25.4,24.7
  Center point: (233.914543,302.314682)
  Normalized center: (0.531624,0.559842)
  Box size ratios (w,h): 0.057816,0.045769
  Box area: 628.7 pixels (0.264617% of image)

================= FRAME 131 ==================
Image dimensions: 440x540
Applied undistortion using maps
Inference time: 192.00 ms
---------------- DETECTION DETAILS ----------------
Total detections: 1
Detection #0 (ball, conf=0.900298):
  Box coords (x,y,w,h): 215.4,314.3,26.3,25.6
  Center point: (228.523224,327.075058)
  Normalized center: (0.519371,0.605695)
  Box size ratios (w,h): 0.059745,0.047365
  Box area: 672.4 pixels (0.282981% of image)

================= FRAME 132 ==================
Image dimensions: 440x540
Applied undistortion using maps
Inference time: 163.16 ms
---------------- DETECTION DETAILS ----------------
Total detections: 1
Detection #0 (ball, conf=0.898692):
  Box coords (x,y,w,h): 208.9,340.1,27.4,26.8
  Center point: (222.582581,353.493347)
  Normalized center: (0.505870,0.654617)
  Box size ratios (w,h): 0.062186,0.049554
  Box area: 732.2 pixels (0.308158% of image)

================= FRAME 133 ==================
Image dimensions: 440x540
Applied undistortion using maps
Inference time: 158.07 ms
---------------- DETECTION DETAILS ----------------
Total detections: 1
Detection #0 (ball, conf=0.900693):
  Box coords (x,y,w,h): 202.1,367.7,28.3,27.9
  Center point: (216.278992,381.658401)
  Normalized center: (0.491543,0.706775)
  Box size ratios (w,h): 0.064308,0.051681
  Box area: 789.7 pixels (0.332349% of image)

================= FRAME 134 ==================
Image dimensions: 440x540
Applied undistortion using maps
Inference time: 152.56 ms
---------------- DETECTION DETAILS ----------------
Total detections: 1
Detection #0 (ball, conf=0.900729):
  Box coords (x,y,w,h): 194.6,397.5,29.3,29.0
  Center point: (209.304283,412.009445)
  Normalized center: (0.475692,0.762980)
  Box size ratios (w,h): 0.066623,0.053707
  Box area: 850.2 pixels (0.357811% of image)

================= FRAME 135 ==================
Image dimensions: 440x540
Applied undistortion using maps
Inference time: 179.49 ms
---------------- DETECTION DETAILS ----------------
Total detections: 1
Detection #0 (ball, conf=0.902653):
  Box coords (x,y,w,h): 186.8,429.5,30.2,30.5
  Center point: (201.867676,444.683945)
  Normalized center: (0.458790,0.823489)
  Box size ratios (w,h): 0.068686,0.056396
  Box area: 920.4 pixels (0.387362% of image)

================= FRAME 136 ==================
Image dimensions: 440x540
Applied undistortion using maps
Inference time: 196.47 ms
---------------- DETECTION DETAILS ----------------
Total detections: 1
Detection #0 (ball, conf=0.909676):
  Box coords (x,y,w,h): 177.8,463.9,31.5,32.1
  Center point: (193.557556,479.974274)
  Normalized center: (0.439904,0.888841)
  Box size ratios (w,h): 0.071525,0.059423
  Box area: 1009.9 pixels (0.425025% of image)

================= FRAME 137 ==================
Image dimensions: 440x540
Applied undistortion using maps
Inference time: 175.83 ms
---------------- DETECTION DETAILS ----------------
Total detections: 1
Detection #0 (ball, conf=0.907467):
  Box coords (x,y,w,h): 168.0,501.7,32.8,33.7
  Center point: (184.377937,518.547821)
  Normalized center: (0.419041,0.960274)
  Box size ratios (w,h): 0.074454,0.062486
  Box area: 1105.4 pixels (0.465234% of image)

================= FRAME 138 ==================
Image dimensions: 440x540
Applied undistortion using maps
Inference time: 177.63 ms
---------------- DETECTION DETAILS ----------------
No objects detected in this frame

================= FRAME 139 ==================
Image dimensions: 440x540
Applied undistortion using maps
Inference time: 153.83 ms
---------------- DETECTION DETAILS ----------------
No objects detected in this frame

================= FRAME 140 ==================
Image dimensions: 440x540
Applied undistortion using maps
Inference time: 183.73 ms
---------------- DETECTION DETAILS ----------------
No objects detected in this frame

================= FRAME 141 ==================
Image dimensions: 440x540
Applied undistortion using maps
Inference time: 178.26 ms
---------------- DETECTION DETAILS ----------------
No objects detected in this frame

================= FRAME 142 ==================
Image dimensions: 440x540
Applied undistortion using maps
Inference time: 179.92 ms
---------------- DETECTION DETAILS ----------------
No objects detected in this frame

================= FRAME 143 ==================
Image dimensions: 440x540
Applied undistortion using maps
Inference time: 167.58 ms
---------------- DETECTION DETAILS ----------------
No objects detected in this frame

================= FRAME 144 ==================
Image dimensions: 440x540
Applied undistortion using maps
Inference time: 157.70 ms
---------------- DETECTION DETAILS ----------------
No objects detected in this frame

================= FRAME 145 ==================
Image dimensions: 440x540
Applied undistortion using maps
Inference time: 174.63 ms
---------------- DETECTION DETAILS ----------------
No objects detected in this frame

================= FRAME 146 ==================
Image dimensions: 440x540
Applied undistortion using maps
Inference time: 156.65 ms
---------------- DETECTION DETAILS ----------------
No objects detected in this frame

================= FRAME 147 ==================
Image dimensions: 440x540
Applied undistortion using maps
Inference time: 187.25 ms
---------------- DETECTION DETAILS ----------------
No objects detected in this frame

================= FRAME 148 ==================
Image dimensions: 440x540
Applied undistortion using maps
Inference time: 153.25 ms
---------------- DETECTION DETAILS ----------------
No objects detected in this frame

================= FRAME 149 ==================
Image dimensions: 440x540
Applied undistortion using maps
Inference time: 159.94 ms
---------------- DETECTION DETAILS ----------------
No objects detected in this frame

================= FRAME 150 ==================
Image dimensions: 440x540
Applied undistortion using maps
Inference time: 160.04 ms
---------------- DETECTION DETAILS ----------------
No objects detected in this frame

================= FRAME 151 ==================
Image dimensions: 440x540
Applied undistortion using maps
Inference time: 187.99 ms
---------------- DETECTION DETAILS ----------------
No objects detected in this frame

================= FRAME 152 ==================
Image dimensions: 440x540
Applied undistortion using maps
Inference time: 237.52 ms
---------------- DETECTION DETAILS ----------------
No objects detected in this frame

================= FRAME 153 ==================
Image dimensions: 440x540
Applied undistortion using maps
Inference time: 162.33 ms
---------------- DETECTION DETAILS ----------------
No objects detected in this frame

================= FRAME 154 ==================
Image dimensions: 440x540
Applied undistortion using maps
Inference time: 165.32 ms
---------------- DETECTION DETAILS ----------------
No objects detected in this frame

================= FRAME 155 ==================
Image dimensions: 440x540
Applied undistortion using maps
Inference time: 162.36 ms
---------------- DETECTION DETAILS ----------------
No objects detected in this frame

================= FRAME 156 ==================
Image dimensions: 440x540
Applied undistortion using maps
Inference time: 165.09 ms
---------------- DETECTION DETAILS ----------------
No objects detected in this frame

================= FRAME 157 ==================
Image dimensions: 440x540
Applied undistortion using maps
Inference time: 302.23 ms
---------------- DETECTION DETAILS ----------------
No objects detected in this frame

================= FRAME 158 ==================
Image dimensions: 440x540
Applied undistortion using maps
Inference time: 157.33 ms
---------------- DETECTION DETAILS ----------------
No objects detected in this frame

================= FRAME 159 ==================
Image dimensions: 440x540
Applied undistortion using maps
Inference time: 173.14 ms
---------------- DETECTION DETAILS ----------------
No objects detected in this frame

================= FRAME 160 ==================
Image dimensions: 440x540
Applied undistortion using maps
Inference time: 175.59 ms
---------------- DETECTION DETAILS ----------------
No objects detected in this frame

================= FRAME 161 ==================
Image dimensions: 440x540
Applied undistortion using maps
Inference time: 297.89 ms
---------------- DETECTION DETAILS ----------------
No objects detected in this frame

================= FRAME 162 ==================
Image dimensions: 440x540
Applied undistortion using maps
Inference time: 171.93 ms
---------------- DETECTION DETAILS ----------------
No objects detected in this frame

================= FRAME 163 ==================
Image dimensions: 440x540
Applied undistortion using maps
Inference time: 148.17 ms
---------------- DETECTION DETAILS ----------------
No objects detected in this frame

================= FRAME 164 ==================
Image dimensions: 440x540
Applied undistortion using maps
Inference time: 176.00 ms
---------------- DETECTION DETAILS ----------------
No objects detected in this frame

================= FRAME 165 ==================
Image dimensions: 440x540
Applied undistortion using maps
Inference time: 161.79 ms
---------------- DETECTION DETAILS ----------------
No objects detected in this frame

================= FRAME 166 ==================
Image dimensions: 440x540
Applied undistortion using maps
Inference time: 157.65 ms
---------------- DETECTION DETAILS ----------------
No objects detected in this frame

================= FRAME 167 ==================
Image dimensions: 440x540
Applied undistortion using maps
Inference time: 204.84 ms
---------------- DETECTION DETAILS ----------------
No objects detected in this frame

================= FRAME 168 ==================
Image dimensions: 440x540
Applied undistortion using maps
Inference time: 160.36 ms
---------------- DETECTION DETAILS ----------------
No objects detected in this frame

================= FRAME 169 ==================
Image dimensions: 440x540
Applied undistortion using maps
Inference time: 166.73 ms
---------------- DETECTION DETAILS ----------------
No objects detected in this frame

================= FRAME 170 ==================
Image dimensions: 440x540
Applied undistortion using maps
Inference time: 156.99 ms
---------------- DETECTION DETAILS ----------------
No objects detected in this frame

================= FRAME 171 ==================
Image dimensions: 440x540
Applied undistortion using maps
Inference time: 191.78 ms
---------------- DETECTION DETAILS ----------------
No objects detected in this frame

================= FRAME 172 ==================
Image dimensions: 440x540
Applied undistortion using maps
Inference time: 195.25 ms
---------------- DETECTION DETAILS ----------------
No objects detected in this frame

================= FRAME 173 ==================
Image dimensions: 440x540
Applied undistortion using maps
Inference time: 209.97 ms
---------------- DETECTION DETAILS ----------------
No objects detected in this frame

================= FRAME 174 ==================
Image dimensions: 440x540
Applied undistortion using maps
Inference time: 141.59 ms
---------------- DETECTION DETAILS ----------------
No objects detected in this frame

================= FRAME 175 ==================
Image dimensions: 440x540
Applied undistortion using maps
Inference time: 178.86 ms
---------------- DETECTION DETAILS ----------------
No objects detected in this frame

================= FRAME 176 ==================
Image dimensions: 440x540
Applied undistortion using maps
Inference time: 196.57 ms
---------------- DETECTION DETAILS ----------------
No objects detected in this frame

================= FRAME 177 ==================
Image dimensions: 440x540
Applied undistortion using maps
Inference time: 145.96 ms
---------------- DETECTION DETAILS ----------------
No objects detected in this frame

================= FRAME 178 ==================
Image dimensions: 440x540
Applied undistortion using maps
Inference time: 172.03 ms
---------------- DETECTION DETAILS ----------------
No objects detected in this frame

================= FRAME 179 ==================
Image dimensions: 440x540
Applied undistortion using maps
Inference time: 157.53 ms
---------------- DETECTION DETAILS ----------------
No objects detected in this frame

================= FRAME 180 ==================
Image dimensions: 440x540
Applied undistortion using maps
Inference time: 144.41 ms
---------------- DETECTION DETAILS ----------------
No objects detected in this frame

================= FRAME 181 ==================
Image dimensions: 440x540
Applied undistortion using maps
Inference time: 169.65 ms
---------------- DETECTION DETAILS ----------------
No objects detected in this frame

================= FRAME 182 ==================
Image dimensions: 440x540
Applied undistortion using maps
Inference time: 218.52 ms
---------------- DETECTION DETAILS ----------------
No objects detected in this frame

================= FRAME 183 ==================
Image dimensions: 440x540
Applied undistortion using maps
Inference time: 190.25 ms
---------------- DETECTION DETAILS ----------------
No objects detected in this frame

================= FRAME 184 ==================
Image dimensions: 440x540
Applied undistortion using maps
Inference time: 169.10 ms
---------------- DETECTION DETAILS ----------------
No objects detected in this frame

================= FRAME 185 ==================
Image dimensions: 440x540
Applied undistortion using maps
Inference time: 186.26 ms
---------------- DETECTION DETAILS ----------------
No objects detected in this frame

================= FRAME 186 ==================
Image dimensions: 440x540
Applied undistortion using maps
Inference time: 181.88 ms
---------------- DETECTION DETAILS ----------------
No objects detected in this frame

================= FRAME 187 ==================
Image dimensions: 440x540
Applied undistortion using maps
Inference time: 184.34 ms
---------------- DETECTION DETAILS ----------------
No objects detected in this frame

================= FRAME 188 ==================
Image dimensions: 440x540
Applied undistortion using maps
Inference time: 166.93 ms
---------------- DETECTION DETAILS ----------------
No objects detected in this frame

================= FRAME 189 ==================
Image dimensions: 440x540
Applied undistortion using maps
Inference time: 154.46 ms
---------------- DETECTION DETAILS ----------------
No objects detected in this frame

================= FRAME 190 ==================
Image dimensions: 440x540
Applied undistortion using maps
Inference time: 168.59 ms
---------------- DETECTION DETAILS ----------------
No objects detected in this frame

================= FRAME 191 ==================
Image dimensions: 440x540
Applied undistortion using maps
Inference time: 173.97 ms
---------------- DETECTION DETAILS ----------------
No objects detected in this frame

================= FRAME 192 ==================
Image dimensions: 440x540
Applied undistortion using maps
Inference time: 209.87 ms
---------------- DETECTION DETAILS ----------------
No objects detected in this frame

================= FRAME 193 ==================
Image dimensions: 440x540
Applied undistortion using maps
Inference time: 509.63 ms
---------------- DETECTION DETAILS ----------------
No objects detected in this frame

================= FRAME 194 ==================
Image dimensions: 440x540
Applied undistortion using maps
Inference time: 197.57 ms
---------------- DETECTION DETAILS ----------------
No objects detected in this frame

================= FRAME 195 ==================
Image dimensions: 440x540
Applied undistortion using maps
Inference time: 179.28 ms
---------------- DETECTION DETAILS ----------------
No objects detected in this frame

================= FRAME 196 ==================
Image dimensions: 440x540
Applied undistortion using maps
Inference time: 168.89 ms
---------------- DETECTION DETAILS ----------------
No objects detected in this frame

================= FRAME 197 ==================
Image dimensions: 440x540
Applied undistortion using maps
Inference time: 171.09 ms
---------------- DETECTION DETAILS ----------------
No objects detected in this frame

================= FRAME 198 ==================
Image dimensions: 440x540
Applied undistortion using maps
Inference time: 171.47 ms
---------------- DETECTION DETAILS ----------------
No objects detected in this frame

================= FRAME 199 ==================
Image dimensions: 440x540
Applied undistortion using maps
Inference time: 242.91 ms
---------------- DETECTION DETAILS ----------------
No objects detected in this frame

================= FRAME 200 ==================
Image dimensions: 440x540
Applied undistortion using maps
Inference time: 186.19 ms
---------------- DETECTION DETAILS ----------------
No objects detected in this frame

================= FRAME 201 ==================
Image dimensions: 440x540
Applied undistortion using maps
Inference time: 159.43 ms
---------------- DETECTION DETAILS ----------------
No objects detected in this frame

================= FRAME 202 ==================
Image dimensions: 440x540
Applied undistortion using maps
Inference time: 185.92 ms
---------------- DETECTION DETAILS ----------------
No objects detected in this frame

================= FRAME 203 ==================
Image dimensions: 440x540
Applied undistortion using maps
Inference time: 181.79 ms
---------------- DETECTION DETAILS ----------------
No objects detected in this frame

================= FRAME 204 ==================
Image dimensions: 440x540
Applied undistortion using maps
Inference time: 188.01 ms
---------------- DETECTION DETAILS ----------------
No objects detected in this frame
Video processing complete. Output saved to: i58-simple-predict-output.avi
